        -:    0:Source:/home/culbec/OOP/Project-2-OOP-Cars/Sources/Car.cpp
        -:    0:Graph:/home/culbec/OOP/Project-2-OOP-Cars/cmake-build-debug-coverage/CMakeFiles/Project_2_OOP_Cars.dir/Sources/Car.cpp.gcno
        -:    0:Data:/home/culbec/OOP/Project-2-OOP-Cars/cmake-build-debug-coverage/CMakeFiles/Project_2_OOP_Cars.dir/Sources/Car.cpp.gcda
        -:    0:Runs:1
        -:    1:#include <utility>
        -:    2:
        -:    3:#include "../Headers/Car.h"
        -:    4:
function _ZN3CarC2ENSt7__cxx1112basic_stringIcSt11char_traitsIcESaIcEEES5_S5_S5_ called 67 returned 100% blocks executed 100%
       67:    5:Car::Car(string regNumberC, string producerC, string modelC, string typeC) {
       67:    5-block  0
call    0 returned 67
call    1 returned 67
call    2 returned 67
call    3 returned 67
       67:    6:    this->regNumber = std::move(regNumberC); // placeholder pt ID, e acelasi lucru
call    0 returned 67
call    1 returned 67
       67:    7:    this->producer = std::move(producerC);
call    0 returned 67
call    1 returned 67
       67:    8:    this->model = std::move(modelC);
call    0 returned 67
call    1 returned 67
       67:    9:    this->type = std::move(typeC);
call    0 returned 67
call    1 returned 67
       67:   10:}
        -:   11:
function _ZN3CarC2ERKS_ called 204 returned 100% blocks executed 49%
      204:   12:Car::Car(const Car &other) {
      204:   12-block  0
call    0 returned 204
call    1 returned 204
call    2 returned 204
call    3 returned 204
        -:   13:    // std::cout << "Copy constructor called!\n";
        -:   14:
      204:   15:    this->setRegNumber(other.getRegNumber());
call    0 returned 204
branch  1 taken 204 (fallthrough)
branch  2 taken 0 (throw)
      204:   15-block  0
call    3 returned 204
branch  4 taken 204 (fallthrough)
branch  5 taken 0 (throw)
      204:   15-block  1
call    6 returned 204
    $$$$$:   15-block  2
call    7 never executed
    $$$$$:   15-block  3
      204:   16:    this->setProducer(other.getProducer());
call    0 returned 204
branch  1 taken 204 (fallthrough)
branch  2 taken 0 (throw)
      204:   16-block  0
call    3 returned 204
branch  4 taken 204 (fallthrough)
branch  5 taken 0 (throw)
      204:   16-block  1
call    6 returned 204
    $$$$$:   16-block  2
call    7 never executed
    $$$$$:   16-block  3
      204:   17:    this->setModel(other.getModel());
call    0 returned 204
branch  1 taken 204 (fallthrough)
branch  2 taken 0 (throw)
      204:   17-block  0
call    3 returned 204
branch  4 taken 204 (fallthrough)
branch  5 taken 0 (throw)
      204:   17-block  1
call    6 returned 204
    $$$$$:   17-block  2
call    7 never executed
    $$$$$:   17-block  3
      204:   18:    this->setType(other.getType());
call    0 returned 204
branch  1 taken 204 (fallthrough)
branch  2 taken 0 (throw)
      204:   18-block  0
call    3 returned 204
branch  4 taken 204 (fallthrough)
branch  5 taken 0 (throw)
      204:   18-block  1
call    6 returned 204
    $$$$$:   18-block  2
call    7 never executed
    $$$$$:   18-block  3
      204:   19:}
    $$$$$:   19-block  0
call    0 never executed
    $$$$$:   19-block  1
call    1 never executed
    $$$$$:   19-block  2
call    2 never executed
    $$$$$:   19-block  3
call    3 never executed
        -:   20:
function _ZNK3Car12getRegNumberB5cxx11Ev called 404 returned 100% blocks executed 100%
      404:   21:string Car::getRegNumber() const { return this->regNumber; }
      404:   21-block  0
call    0 returned 404
        -:   22:
function _ZNK3Car11getProducerB5cxx11Ev called 280 returned 100% blocks executed 100%
      280:   23:string Car::getProducer() const { return this->producer; }
      280:   23-block  0
call    0 returned 280
        -:   24:
function _ZNK3Car8getModelB5cxx11Ev called 276 returned 100% blocks executed 100%
      276:   25:string Car::getModel() const { return this->model; }
      276:   25-block  0
call    0 returned 276
        -:   26:
function _ZNK3Car7getTypeB5cxx11Ev called 252 returned 100% blocks executed 100%
      252:   27:string Car::getType() const { return this->type; }
      252:   27-block  0
call    0 returned 252
        -:   28:
function _ZN3Car12setRegNumberERKNSt7__cxx1112basic_stringIcSt11char_traitsIcESaIcEEE called 204 returned 100% blocks executed 100%
      204:   29:void Car::setRegNumber(const string &newRegNumber) { this->regNumber = newRegNumber; }
      204:   29-block  0
call    0 returned 204
        -:   30:
function _ZN3Car11setProducerERKNSt7__cxx1112basic_stringIcSt11char_traitsIcESaIcEEE called 206 returned 100% blocks executed 100%
      206:   31:void Car::setProducer(const string &newProducer) { this->producer = newProducer; }
      206:   31-block  0
call    0 returned 206
        -:   32:
function _ZN3Car8setModelERKNSt7__cxx1112basic_stringIcSt11char_traitsIcESaIcEEE called 206 returned 100% blocks executed 100%
      206:   33:void Car::setModel(const string &newModel) { this->model = newModel; }
      206:   33-block  0
call    0 returned 206
        -:   34:
function _ZN3Car7setTypeERKNSt7__cxx1112basic_stringIcSt11char_traitsIcESaIcEEE called 206 returned 100% blocks executed 100%
      206:   35:void Car::setType(const string &newType) { this->type = newType; }
      206:   35-block  0
call    0 returned 206
        -:   36:
