        -:    0:Source:/home/culbec/OOP/Project-2-OOP-Cars/main.cpp
        -:    0:Graph:/home/culbec/OOP/Project-2-OOP-Cars/cmake-build-debug-coverage/CMakeFiles/Project_2_OOP_Cars.dir/main.cpp.gcno
        -:    0:Data:/home/culbec/OOP/Project-2-OOP-Cars/cmake-build-debug-coverage/CMakeFiles/Project_2_OOP_Cars.dir/main.cpp.gcda
        -:    0:Runs:1
        -:    1:#include <iostream>
        -:    2:#include "Headers/UI.h"
        -:    3:#include "Headers/tests.h"
        -:    4:
function main called 1 returned 100% blocks executed 100%
        1:    5:int main() {
        1:    6:    runTests();
        1:    6-block  0
call    0 returned 1
branch  1 taken 1 (fallthrough)
branch  2 taken 0 (throw)
        1:    7:    std::cout << "Tests ok!\n\n";
        1:    7-block  0
call    0 returned 1
branch  1 taken 1 (fallthrough)
branch  2 taken 0 (throw)
        -:    8:
        1:    9:    UI ui;
        1:    9-block  0
call    0 returned 1
        -:   10:    //ui.uiRun();
        -:   11:
        1:   12:    return 0;
        1:   13:}
call    0 returned 1
