        -:    0:Source:/usr/include/c++/12/bits/random.h
        -:    0:Graph:/home/culbec/OOP/Project-2-OOP-Cars/cmake-build-debug-coverage/CMakeFiles/Project_2_OOP_Cars.dir/Sources/Spalatorie.cpp.gcno
        -:    0:Data:/home/culbec/OOP/Project-2-OOP-Cars/cmake-build-debug-coverage/CMakeFiles/Project_2_OOP_Cars.dir/Sources/Spalatorie.cpp.gcda
        -:    0:Runs:1
        -:    1:// random number generation -*- C++ -*-
        -:    2:
        -:    3:// Copyright (C) 2009-2022 Free Software Foundation, Inc.
        -:    4://
        -:    5:// This file is part of the GNU ISO C++ Library.  This library is free
        -:    6:// software; you can redistribute it and/or modify it under the
        -:    7:// terms of the GNU General Public License as published by the
        -:    8:// Free Software Foundation; either version 3, or (at your option)
        -:    9:// any later version.
        -:   10:
        -:   11:// This library is distributed in the hope that it will be useful,
        -:   12:// but WITHOUT ANY WARRANTY; without even the implied warranty of
        -:   13:// MERCHANTABILITY or FITNESS FOR A PARTICULAR PURPOSE.  See the
        -:   14:// GNU General Public License for more details.
        -:   15:
        -:   16:// Under Section 7 of GPL version 3, you are granted additional
        -:   17:// permissions described in the GCC Runtime Library Exception, version
        -:   18:// 3.1, as published by the Free Software Foundation.
        -:   19:
        -:   20:// You should have received a copy of the GNU General Public License and
        -:   21:// a copy of the GCC Runtime Library Exception along with this program;
        -:   22:// see the files COPYING3 and COPYING.RUNTIME respectively.  If not, see
        -:   23:// <http://www.gnu.org/licenses/>.
        -:   24:
        -:   25:/**
        -:   26: * @file bits/random.h
        -:   27: *  This is an internal header file, included by other library headers.
        -:   28: *  Do not attempt to use it directly. @headername{random}
        -:   29: */
        -:   30:
        -:   31:#ifndef _RANDOM_H
        -:   32:#define _RANDOM_H 1
        -:   33:
        -:   34:#include <vector>
        -:   35:#include <bits/uniform_int_dist.h>
        -:   36:
        -:   37:namespace std _GLIBCXX_VISIBILITY(default)
        -:   38:{
        -:   39:_GLIBCXX_BEGIN_NAMESPACE_VERSION
        -:   40:
        -:   41:  // [26.4] Random number generation
        -:   42:
        -:   43:  /**
        -:   44:   * @defgroup random Random Number Generation
        -:   45:   * @ingroup numerics
        -:   46:   *
        -:   47:   * A facility for generating random numbers on selected distributions.
        -:   48:   * @{
        -:   49:   */
        -:   50:
        -:   51:  // std::uniform_random_bit_generator is defined in <bits/uniform_int_dist.h>
        -:   52:
        -:   53:  /**
        -:   54:   * @brief A function template for converting the output of a (integral)
        -:   55:   * uniform random number generator to a floatng point result in the range
        -:   56:   * [0-1).
        -:   57:   */
        -:   58:  template<typename _RealType, size_t __bits,
        -:   59:	   typename _UniformRandomNumberGenerator>
        -:   60:    _RealType
        -:   61:    generate_canonical(_UniformRandomNumberGenerator& __g);
        -:   62:
        -:   63:  /// @cond undocumented
        -:   64:  // Implementation-space details.
        -:   65:  namespace __detail
        -:   66:  {
        -:   67:    template<typename _UIntType, size_t __w,
        -:   68:	     bool = __w < static_cast<size_t>
        -:   69:			  (std::numeric_limits<_UIntType>::digits)>
        -:   70:      struct _Shift
        -:   71:      { static constexpr _UIntType __value = 0; };
        -:   72:
        -:   73:    template<typename _UIntType, size_t __w>
        -:   74:      struct _Shift<_UIntType, __w, true>
        -:   75:      { static constexpr _UIntType __value = _UIntType(1) << __w; };
        -:   76:
        -:   77:    template<int __s,
        -:   78:	     int __which = ((__s <= __CHAR_BIT__ * sizeof (int))
        -:   79:			    + (__s <= __CHAR_BIT__ * sizeof (long))
        -:   80:			    + (__s <= __CHAR_BIT__ * sizeof (long long))
        -:   81:			    /* assume long long no bigger than __int128 */
        -:   82:			    + (__s <= 128))>
        -:   83:      struct _Select_uint_least_t
        -:   84:      {
        -:   85:	static_assert(__which < 0, /* needs to be dependent */
        -:   86:		      "sorry, would be too much trouble for a slow result");
        -:   87:      };
        -:   88:
        -:   89:    template<int __s>
        -:   90:      struct _Select_uint_least_t<__s, 4>
        -:   91:      { using type = unsigned int; };
        -:   92:
        -:   93:    template<int __s>
        -:   94:      struct _Select_uint_least_t<__s, 3>
        -:   95:      { using type = unsigned long; };
        -:   96:
        -:   97:    template<int __s>
        -:   98:      struct _Select_uint_least_t<__s, 2>
        -:   99:      { using type = unsigned long long; };
        -:  100:
        -:  101:#if __SIZEOF_INT128__ > __SIZEOF_LONG_LONG__
        -:  102:    template<int __s>
        -:  103:      struct _Select_uint_least_t<__s, 1>
        -:  104:      { __extension__ using type = unsigned __int128; };
        -:  105:#endif
        -:  106:
        -:  107:    // Assume a != 0, a < m, c < m, x < m.
        -:  108:    template<typename _Tp, _Tp __m, _Tp __a, _Tp __c,
        -:  109:	     bool __big_enough = (!(__m & (__m - 1))
        -:  110:				  || (_Tp(-1) - __c) / __a >= __m - 1),
        -:  111:             bool __schrage_ok = __m % __a < __m / __a>
        -:  112:      struct _Mod
        -:  113:      {
        -:  114:	static _Tp
        -:  115:	__calc(_Tp __x)
        -:  116:	{
        -:  117:	  using _Tp2
        -:  118:	    = typename _Select_uint_least_t<std::__lg(__a)
        -:  119:					    + std::__lg(__m) + 2>::type;
        -:  120:	  return static_cast<_Tp>((_Tp2(__a) * __x + __c) % __m);
        -:  121:	}
        -:  122:      };
        -:  123:
        -:  124:    // Schrage.
        -:  125:    template<typename _Tp, _Tp __m, _Tp __a, _Tp __c>
        -:  126:      struct _Mod<_Tp, __m, __a, __c, false, true>
        -:  127:      {
        -:  128:	static _Tp
        -:  129:	__calc(_Tp __x);
        -:  130:      };
        -:  131:
        -:  132:    // Special cases:
        -:  133:    // - for m == 2^n or m == 0, unsigned integer overflow is safe.
        -:  134:    // - a * (m - 1) + c fits in _Tp, there is no overflow.
        -:  135:    template<typename _Tp, _Tp __m, _Tp __a, _Tp __c, bool __s>
        -:  136:      struct _Mod<_Tp, __m, __a, __c, true, __s>
        -:  137:      {
        -:  138:	static _Tp
        9:  139:	__calc(_Tp __x)
        -:  140:	{
        9:  141:	  _Tp __res = __a * __x + __c;
        -:  142:	  if (__m)
        9:  143:	    __res %= __m;
        9:  144:	  return __res;
        -:  145:	}
------------------
_ZNSt8__detail4_ModImLm2147483647ELm16807ELm0ELb1ELb1EE6__calcEm:
function _ZNSt8__detail4_ModImLm2147483647ELm16807ELm0ELb1ELb1EE6__calcEm called 3 returned 100% blocks executed 100%
        3:  139:	__calc(_Tp __x)
        -:  140:	{
        3:  141:	  _Tp __res = __a * __x + __c;
        3:  141-block  0
        -:  142:	  if (__m)
        3:  143:	    __res %= __m;
        3:  143-block  0
        3:  144:	  return __res;
        3:  144-block  0
        -:  145:	}
------------------
_ZNSt8__detail4_ModImLm2147483647ELm1ELm0ELb1ELb1EE6__calcEm:
function _ZNSt8__detail4_ModImLm2147483647ELm1ELm0ELb1ELb1EE6__calcEm called 6 returned 100% blocks executed 100%
        6:  139:	__calc(_Tp __x)
        -:  140:	{
        6:  141:	  _Tp __res = __a * __x + __c;
        6:  141-block  0
        -:  142:	  if (__m)
        6:  143:	    __res %= __m;
        6:  143-block  0
        6:  144:	  return __res;
        6:  144-block  0
        -:  145:	}
------------------
        -:  146:      };
        -:  147:
        -:  148:    template<typename _Tp, _Tp __m, _Tp __a = 1, _Tp __c = 0>
        -:  149:      inline _Tp
        9:  150:      __mod(_Tp __x)
        -:  151:      {
        -:  152:	if _GLIBCXX17_CONSTEXPR (__a == 0)
        -:  153:	  return __c;
        -:  154:	else
        -:  155:	  {
        -:  156:	    // _Mod must not be instantiated with a == 0
        9:  157:	    constexpr _Tp __a1 = __a ? __a : 1;
        9:  158:	    return _Mod<_Tp, __m, __a1, __c>::__calc(__x);
        -:  159:	  }
        -:  160:      }
------------------
_ZNSt8__detail5__modImLm2147483647ELm16807ELm0EEET_S1_:
function _ZNSt8__detail5__modImLm2147483647ELm16807ELm0EEET_S1_ called 3 returned 100% blocks executed 100%
        3:  150:      __mod(_Tp __x)
        3:  150-block  0
        -:  151:      {
        -:  152:	if _GLIBCXX17_CONSTEXPR (__a == 0)
        -:  153:	  return __c;
        -:  154:	else
        -:  155:	  {
        -:  156:	    // _Mod must not be instantiated with a == 0
        3:  157:	    constexpr _Tp __a1 = __a ? __a : 1;
        3:  158:	    return _Mod<_Tp, __m, __a1, __c>::__calc(__x);
        3:  158-block  0
call    0 returned 3
        -:  159:	  }
        -:  160:      }
------------------
_ZNSt8__detail5__modImLm2147483647ELm1ELm0EEET_S1_:
function _ZNSt8__detail5__modImLm2147483647ELm1ELm0EEET_S1_ called 6 returned 100% blocks executed 100%
        6:  150:      __mod(_Tp __x)
        6:  150-block  0
        -:  151:      {
        -:  152:	if _GLIBCXX17_CONSTEXPR (__a == 0)
        -:  153:	  return __c;
        -:  154:	else
        -:  155:	  {
        -:  156:	    // _Mod must not be instantiated with a == 0
        6:  157:	    constexpr _Tp __a1 = __a ? __a : 1;
        6:  158:	    return _Mod<_Tp, __m, __a1, __c>::__calc(__x);
        6:  158-block  0
call    0 returned 6
        -:  159:	  }
        -:  160:      }
------------------
        -:  161:
        -:  162:    /*
        -:  163:     * An adaptor class for converting the output of any Generator into
        -:  164:     * the input for a specific Distribution.
        -:  165:     */
        -:  166:    template<typename _Engine, typename _DInputType>
        -:  167:      struct _Adaptor
        -:  168:      {
        -:  169:	static_assert(std::is_floating_point<_DInputType>::value,
        -:  170:		      "template argument must be a floating point type");
        -:  171:
        -:  172:      public:
        -:  173:	_Adaptor(_Engine& __g)
        -:  174:	: _M_g(__g) { }
        -:  175:
        -:  176:	_DInputType
        -:  177:	min() const
        -:  178:	{ return _DInputType(0); }
        -:  179:
        -:  180:	_DInputType
        -:  181:	max() const
        -:  182:	{ return _DInputType(1); }
        -:  183:
        -:  184:	/*
        -:  185:	 * Converts a value generated by the adapted random number generator
        -:  186:	 * into a value in the input domain for the dependent random number
        -:  187:	 * distribution.
        -:  188:	 */
        -:  189:	_DInputType
        -:  190:	operator()()
        -:  191:	{
        -:  192:	  return std::generate_canonical<_DInputType,
        -:  193:	                            std::numeric_limits<_DInputType>::digits,
        -:  194:	                            _Engine>(_M_g);
        -:  195:	}
        -:  196:
        -:  197:      private:
        -:  198:	_Engine& _M_g;
        -:  199:      };
        -:  200:
        -:  201:    template<typename _Sseq>
        -:  202:      using __seed_seq_generate_t = decltype(
        -:  203:	  std::declval<_Sseq&>().generate(std::declval<uint_least32_t*>(),
        -:  204:					  std::declval<uint_least32_t*>()));
        -:  205:
        -:  206:    // Detect whether _Sseq is a valid seed sequence for
        -:  207:    // a random number engine _Engine with result type _Res.
        -:  208:    template<typename _Sseq, typename _Engine, typename _Res,
        -:  209:	     typename _GenerateCheck = __seed_seq_generate_t<_Sseq>>
        -:  210:      using __is_seed_seq = __and_<
        -:  211:        __not_<is_same<__remove_cvref_t<_Sseq>, _Engine>>,
        -:  212:	is_unsigned<typename _Sseq::result_type>,
        -:  213:	__not_<is_convertible<_Sseq, _Res>>
        -:  214:      >;
        -:  215:
        -:  216:  } // namespace __detail
        -:  217:  /// @endcond
        -:  218:
        -:  219:  /**
        -:  220:   * @addtogroup random_generators Random Number Generators
        -:  221:   * @ingroup random
        -:  222:   *
        -:  223:   * These classes define objects which provide random or pseudorandom
        -:  224:   * numbers, either from a discrete or a continuous interval.  The
        -:  225:   * random number generator supplied as a part of this library are
        -:  226:   * all uniform random number generators which provide a sequence of
        -:  227:   * random number uniformly distributed over their range.
        -:  228:   *
        -:  229:   * A number generator is a function object with an operator() that
        -:  230:   * takes zero arguments and returns a number.
        -:  231:   *
        -:  232:   * A compliant random number generator must satisfy the following
        -:  233:   * requirements.  <table border=1 cellpadding=10 cellspacing=0>
        -:  234:   * <caption align=top>Random Number Generator Requirements</caption>
        -:  235:   * <tr><td>To be documented.</td></tr> </table>
        -:  236:   *
        -:  237:   * @{
        -:  238:   */
        -:  239:
        -:  240:  /**
        -:  241:   * @brief A model of a linear congruential random number generator.
        -:  242:   *
        -:  243:   * A random number generator that produces pseudorandom numbers via
        -:  244:   * linear function:
        -:  245:   * @f[
        -:  246:   *     x_{i+1}\leftarrow(ax_{i} + c) \bmod m 
        -:  247:   * @f]
        -:  248:   *
        -:  249:   * The template parameter @p _UIntType must be an unsigned integral type
        -:  250:   * large enough to store values up to (__m-1). If the template parameter
        -:  251:   * @p __m is 0, the modulus @p __m used is
        -:  252:   * std::numeric_limits<_UIntType>::max() plus 1. Otherwise, the template
        -:  253:   * parameters @p __a and @p __c must be less than @p __m.
        -:  254:   *
        -:  255:   * The size of the state is @f$1@f$.
        -:  256:   */
        -:  257:  template<typename _UIntType, _UIntType __a, _UIntType __c, _UIntType __m>
        -:  258:    class linear_congruential_engine
        -:  259:    {
        -:  260:      static_assert(std::is_unsigned<_UIntType>::value,
        -:  261:		    "result_type must be an unsigned integral type");
        -:  262:      static_assert(__m == 0u || (__a < __m && __c < __m),
        -:  263:		    "template argument substituting __m out of bounds");
        -:  264:
        -:  265:      template<typename _Sseq>
        -:  266:	using _If_seed_seq = typename enable_if<__detail::__is_seed_seq<
        -:  267:	  _Sseq, linear_congruential_engine, _UIntType>::value>::type;
        -:  268:
        -:  269:    public:
        -:  270:      /** The type of the generated random value. */
        -:  271:      typedef _UIntType result_type;
        -:  272:
        -:  273:      /** The multiplier. */
        -:  274:      static constexpr result_type multiplier   = __a;
        -:  275:      /** An increment. */
        -:  276:      static constexpr result_type increment    = __c;
        -:  277:      /** The modulus. */
        -:  278:      static constexpr result_type modulus      = __m;
        -:  279:      static constexpr result_type default_seed = 1u;
        -:  280:
        -:  281:      /**
        -:  282:       * @brief Constructs a %linear_congruential_engine random number
        -:  283:       *        generator engine with seed 1.
        -:  284:       */
        -:  285:      linear_congruential_engine() : linear_congruential_engine(default_seed)
        -:  286:      { }
        -:  287:
        -:  288:      /**
        -:  289:       * @brief Constructs a %linear_congruential_engine random number
        -:  290:       *        generator engine with seed @p __s.  The default seed value
        -:  291:       *        is 1.
        -:  292:       *
        -:  293:       * @param __s The initial seed value.
        -:  294:       */
        -:  295:      explicit
function _ZNSt26linear_congruential_engineImLm16807ELm0ELm2147483647EEC2Em called 2 returned 100% blocks executed 100%
        2:  296:      linear_congruential_engine(result_type __s)
        2:  297:      { seed(__s); }
        2:  297-block  0
call    0 returned 2
        -:  298:
        -:  299:      /**
        -:  300:       * @brief Constructs a %linear_congruential_engine random number
        -:  301:       *        generator engine seeded from the seed sequence @p __q.
        -:  302:       *
        -:  303:       * @param __q the seed sequence.
        -:  304:       */
        -:  305:      template<typename _Sseq, typename = _If_seed_seq<_Sseq>>
        -:  306:        explicit
        -:  307:        linear_congruential_engine(_Sseq& __q)
        -:  308:        { seed(__q); }
        -:  309:
        -:  310:      /**
        -:  311:       * @brief Reseeds the %linear_congruential_engine random number generator
        -:  312:       *        engine sequence to the seed @p __s.
        -:  313:       *
        -:  314:       * @param __s The new seed.
        -:  315:       */
        -:  316:      void
        -:  317:      seed(result_type __s = default_seed);
        -:  318:
        -:  319:      /**
        -:  320:       * @brief Reseeds the %linear_congruential_engine random number generator
        -:  321:       *        engine
        -:  322:       * sequence using values from the seed sequence @p __q.
        -:  323:       *
        -:  324:       * @param __q the seed sequence.
        -:  325:       */
        -:  326:      template<typename _Sseq>
        -:  327:        _If_seed_seq<_Sseq>
        -:  328:        seed(_Sseq& __q);
        -:  329:
        -:  330:      /**
        -:  331:       * @brief Gets the smallest possible value in the output range.
        -:  332:       *
        -:  333:       * The minimum depends on the @p __c parameter: if it is zero, the
        -:  334:       * minimum generated must be > 0, otherwise 0 is allowed.
        -:  335:       */
        -:  336:      static constexpr result_type
        -:  337:      min()
        -:  338:      { return __c == 0u ? 1u : 0u; }
        -:  339:
        -:  340:      /**
        -:  341:       * @brief Gets the largest possible value in the output range.
        -:  342:       */
        -:  343:      static constexpr result_type
        -:  344:      max()
        -:  345:      { return __m - 1u; }
        -:  346:
        -:  347:      /**
        -:  348:       * @brief Discard a sequence of random numbers.
        -:  349:       */
        -:  350:      void
        -:  351:      discard(unsigned long long __z)
        -:  352:      {
        -:  353:	for (; __z != 0ULL; --__z)
        -:  354:	  (*this)();
        -:  355:      }
        -:  356:
        -:  357:      /**
        -:  358:       * @brief Gets the next random number in the sequence.
        -:  359:       */
        -:  360:      result_type
function _ZNSt26linear_congruential_engineImLm16807ELm0ELm2147483647EEclEv called 3 returned 100% blocks executed 100%
        3:  361:      operator()()
        -:  362:      {
        3:  363:	_M_x = __detail::__mod<_UIntType, __m, __a, __c>(_M_x);
        3:  363-block  0
call    0 returned 3
        3:  364:	return _M_x;
        -:  365:      }
        -:  366:
        -:  367:      /**
        -:  368:       * @brief Compares two linear congruential random number generator
        -:  369:       * objects of the same type for equality.
        -:  370:       *
        -:  371:       * @param __lhs A linear congruential random number generator object.
        -:  372:       * @param __rhs Another linear congruential random number generator
        -:  373:       *              object.
        -:  374:       *
        -:  375:       * @returns true if the infinite sequences of generated values
        -:  376:       *          would be equal, false otherwise.
        -:  377:       */
        -:  378:      friend bool
        -:  379:      operator==(const linear_congruential_engine& __lhs,
        -:  380:		 const linear_congruential_engine& __rhs)
        -:  381:      { return __lhs._M_x == __rhs._M_x; }
        -:  382:
        -:  383:      /**
        -:  384:       * @brief Writes the textual representation of the state x(i) of x to
        -:  385:       *        @p __os.
        -:  386:       *
        -:  387:       * @param __os  The output stream.
        -:  388:       * @param __lcr A % linear_congruential_engine random number generator.
        -:  389:       * @returns __os.
        -:  390:       */
        -:  391:      template<typename _UIntType1, _UIntType1 __a1, _UIntType1 __c1,
        -:  392:	       _UIntType1 __m1, typename _CharT, typename _Traits>
        -:  393:	friend std::basic_ostream<_CharT, _Traits>&
        -:  394:	operator<<(std::basic_ostream<_CharT, _Traits>& __os,
        -:  395:		   const std::linear_congruential_engine<_UIntType1,
        -:  396:		   __a1, __c1, __m1>& __lcr);
        -:  397:
        -:  398:      /**
        -:  399:       * @brief Sets the state of the engine by reading its textual
        -:  400:       *        representation from @p __is.
        -:  401:       *
        -:  402:       * The textual representation must have been previously written using
        -:  403:       * an output stream whose imbued locale and whose type's template
        -:  404:       * specialization arguments _CharT and _Traits were the same as those
        -:  405:       * of @p __is.
        -:  406:       *
        -:  407:       * @param __is  The input stream.
        -:  408:       * @param __lcr A % linear_congruential_engine random number generator.
        -:  409:       * @returns __is.
        -:  410:       */
        -:  411:      template<typename _UIntType1, _UIntType1 __a1, _UIntType1 __c1,
        -:  412:	       _UIntType1 __m1, typename _CharT, typename _Traits>
        -:  413:	friend std::basic_istream<_CharT, _Traits>&
        -:  414:	operator>>(std::basic_istream<_CharT, _Traits>& __is,
        -:  415:		   std::linear_congruential_engine<_UIntType1, __a1,
        -:  416:		   __c1, __m1>& __lcr);
        -:  417:
        -:  418:    private:
        -:  419:      _UIntType _M_x;
        -:  420:    };
        -:  421:
        -:  422:  /**
        -:  423:   * @brief Compares two linear congruential random number generator
        -:  424:   * objects of the same type for inequality.
        -:  425:   *
        -:  426:   * @param __lhs A linear congruential random number generator object.
        -:  427:   * @param __rhs Another linear congruential random number generator
        -:  428:   *              object.
        -:  429:   *
        -:  430:   * @returns true if the infinite sequences of generated values
        -:  431:   *          would be different, false otherwise.
        -:  432:   */
        -:  433:  template<typename _UIntType, _UIntType __a, _UIntType __c, _UIntType __m>
        -:  434:    inline bool
        -:  435:    operator!=(const std::linear_congruential_engine<_UIntType, __a,
        -:  436:	       __c, __m>& __lhs,
        -:  437:	       const std::linear_congruential_engine<_UIntType, __a,
        -:  438:	       __c, __m>& __rhs)
        -:  439:    { return !(__lhs == __rhs); }
        -:  440:
        -:  441:
        -:  442:  /**
        -:  443:   * A generalized feedback shift register discrete random number generator.
        -:  444:   *
        -:  445:   * This algorithm avoids multiplication and division and is designed to be
        -:  446:   * friendly to a pipelined architecture.  If the parameters are chosen
        -:  447:   * correctly, this generator will produce numbers with a very long period and
        -:  448:   * fairly good apparent entropy, although still not cryptographically strong.
        -:  449:   *
        -:  450:   * The best way to use this generator is with the predefined mt19937 class.
        -:  451:   *
        -:  452:   * This algorithm was originally invented by Makoto Matsumoto and
        -:  453:   * Takuji Nishimura.
        -:  454:   *
        -:  455:   * @tparam __w  Word size, the number of bits in each element of 
        -:  456:   *              the state vector.
        -:  457:   * @tparam __n  The degree of recursion.
        -:  458:   * @tparam __m  The period parameter.
        -:  459:   * @tparam __r  The separation point bit index.
        -:  460:   * @tparam __a  The last row of the twist matrix.
        -:  461:   * @tparam __u  The first right-shift tempering matrix parameter.
        -:  462:   * @tparam __d  The first right-shift tempering matrix mask.
        -:  463:   * @tparam __s  The first left-shift tempering matrix parameter.
        -:  464:   * @tparam __b  The first left-shift tempering matrix mask.
        -:  465:   * @tparam __t  The second left-shift tempering matrix parameter.
        -:  466:   * @tparam __c  The second left-shift tempering matrix mask.
        -:  467:   * @tparam __l  The second right-shift tempering matrix parameter.
        -:  468:   * @tparam __f  Initialization multiplier.
        -:  469:   */
        -:  470:  template<typename _UIntType, size_t __w,
        -:  471:	   size_t __n, size_t __m, size_t __r,
        -:  472:	   _UIntType __a, size_t __u, _UIntType __d, size_t __s,
        -:  473:	   _UIntType __b, size_t __t,
        -:  474:	   _UIntType __c, size_t __l, _UIntType __f>
        -:  475:    class mersenne_twister_engine
        -:  476:    {
        -:  477:      static_assert(std::is_unsigned<_UIntType>::value,
        -:  478:		    "result_type must be an unsigned integral type");
        -:  479:      static_assert(1u <= __m && __m <= __n,
        -:  480:		    "template argument substituting __m out of bounds");
        -:  481:      static_assert(__r <= __w, "template argument substituting "
        -:  482:		    "__r out of bound");
        -:  483:      static_assert(__u <= __w, "template argument substituting "
        -:  484:		    "__u out of bound");
        -:  485:      static_assert(__s <= __w, "template argument substituting "
        -:  486:		    "__s out of bound");
        -:  487:      static_assert(__t <= __w, "template argument substituting "
        -:  488:		    "__t out of bound");
        -:  489:      static_assert(__l <= __w, "template argument substituting "
        -:  490:		    "__l out of bound");
        -:  491:      static_assert(__w <= std::numeric_limits<_UIntType>::digits,
        -:  492:		    "template argument substituting __w out of bound");
        -:  493:      static_assert(__a <= (__detail::_Shift<_UIntType, __w>::__value - 1),
        -:  494:		    "template argument substituting __a out of bound");
        -:  495:      static_assert(__b <= (__detail::_Shift<_UIntType, __w>::__value - 1),
        -:  496:		    "template argument substituting __b out of bound");
        -:  497:      static_assert(__c <= (__detail::_Shift<_UIntType, __w>::__value - 1),
        -:  498:		    "template argument substituting __c out of bound");
        -:  499:      static_assert(__d <= (__detail::_Shift<_UIntType, __w>::__value - 1),
        -:  500:		    "template argument substituting __d out of bound");
        -:  501:      static_assert(__f <= (__detail::_Shift<_UIntType, __w>::__value - 1),
        -:  502:		    "template argument substituting __f out of bound");
        -:  503:
        -:  504:      template<typename _Sseq>
        -:  505:	using _If_seed_seq = typename enable_if<__detail::__is_seed_seq<
        -:  506:	  _Sseq, mersenne_twister_engine, _UIntType>::value>::type;
        -:  507:
        -:  508:    public:
        -:  509:      /** The type of the generated random value. */
        -:  510:      typedef _UIntType result_type;
        -:  511:
        -:  512:      // parameter values
        -:  513:      static constexpr size_t      word_size                 = __w;
        -:  514:      static constexpr size_t      state_size                = __n;
        -:  515:      static constexpr size_t      shift_size                = __m;
        -:  516:      static constexpr size_t      mask_bits                 = __r;
        -:  517:      static constexpr result_type xor_mask                  = __a;
        -:  518:      static constexpr size_t      tempering_u               = __u;
        -:  519:      static constexpr result_type tempering_d               = __d;
        -:  520:      static constexpr size_t      tempering_s               = __s;
        -:  521:      static constexpr result_type tempering_b               = __b;
        -:  522:      static constexpr size_t      tempering_t               = __t;
        -:  523:      static constexpr result_type tempering_c               = __c;
        -:  524:      static constexpr size_t      tempering_l               = __l;
        -:  525:      static constexpr result_type initialization_multiplier = __f;
        -:  526:      static constexpr result_type default_seed = 5489u;
        -:  527:
        -:  528:      // constructors and member functions
        -:  529:
        -:  530:      mersenne_twister_engine() : mersenne_twister_engine(default_seed) { }
        -:  531:
        -:  532:      explicit
        -:  533:      mersenne_twister_engine(result_type __sd)
        -:  534:      { seed(__sd); }
        -:  535:
        -:  536:      /**
        -:  537:       * @brief Constructs a %mersenne_twister_engine random number generator
        -:  538:       *        engine seeded from the seed sequence @p __q.
        -:  539:       *
        -:  540:       * @param __q the seed sequence.
        -:  541:       */
        -:  542:      template<typename _Sseq, typename = _If_seed_seq<_Sseq>>
        -:  543:        explicit
        -:  544:        mersenne_twister_engine(_Sseq& __q)
        -:  545:        { seed(__q); }
        -:  546:
        -:  547:      void
        -:  548:      seed(result_type __sd = default_seed);
        -:  549:
        -:  550:      template<typename _Sseq>
        -:  551:        _If_seed_seq<_Sseq>
        -:  552:        seed(_Sseq& __q);
        -:  553:
        -:  554:      /**
        -:  555:       * @brief Gets the smallest possible value in the output range.
        -:  556:       */
        -:  557:      static constexpr result_type
        -:  558:      min()
        -:  559:      { return 0; }
        -:  560:
        -:  561:      /**
        -:  562:       * @brief Gets the largest possible value in the output range.
        -:  563:       */
        -:  564:      static constexpr result_type
        -:  565:      max()
        -:  566:      { return __detail::_Shift<_UIntType, __w>::__value - 1; }
        -:  567:
        -:  568:      /**
        -:  569:       * @brief Discard a sequence of random numbers.
        -:  570:       */
        -:  571:      void
        -:  572:      discard(unsigned long long __z);
        -:  573:
        -:  574:      result_type
        -:  575:      operator()();
        -:  576:
        -:  577:      /**
        -:  578:       * @brief Compares two % mersenne_twister_engine random number generator
        -:  579:       *        objects of the same type for equality.
        -:  580:       *
        -:  581:       * @param __lhs A % mersenne_twister_engine random number generator
        -:  582:       *              object.
        -:  583:       * @param __rhs Another % mersenne_twister_engine random number
        -:  584:       *              generator object.
        -:  585:       *
        -:  586:       * @returns true if the infinite sequences of generated values
        -:  587:       *          would be equal, false otherwise.
        -:  588:       */
        -:  589:      friend bool
        -:  590:      operator==(const mersenne_twister_engine& __lhs,
        -:  591:		 const mersenne_twister_engine& __rhs)
        -:  592:      { return (std::equal(__lhs._M_x, __lhs._M_x + state_size, __rhs._M_x)
        -:  593:		&& __lhs._M_p == __rhs._M_p); }
        -:  594:
        -:  595:      /**
        -:  596:       * @brief Inserts the current state of a % mersenne_twister_engine
        -:  597:       *        random number generator engine @p __x into the output stream
        -:  598:       *        @p __os.
        -:  599:       *
        -:  600:       * @param __os An output stream.
        -:  601:       * @param __x  A % mersenne_twister_engine random number generator
        -:  602:       *             engine.
        -:  603:       *
        -:  604:       * @returns The output stream with the state of @p __x inserted or in
        -:  605:       * an error state.
        -:  606:       */
        -:  607:      template<typename _UIntType1,
        -:  608:	       size_t __w1, size_t __n1,
        -:  609:	       size_t __m1, size_t __r1,
        -:  610:	       _UIntType1 __a1, size_t __u1,
        -:  611:	       _UIntType1 __d1, size_t __s1,
        -:  612:	       _UIntType1 __b1, size_t __t1,
        -:  613:	       _UIntType1 __c1, size_t __l1, _UIntType1 __f1,
        -:  614:	       typename _CharT, typename _Traits>
        -:  615:	friend std::basic_ostream<_CharT, _Traits>&
        -:  616:	operator<<(std::basic_ostream<_CharT, _Traits>& __os,
        -:  617:		   const std::mersenne_twister_engine<_UIntType1, __w1, __n1,
        -:  618:		   __m1, __r1, __a1, __u1, __d1, __s1, __b1, __t1, __c1,
        -:  619:		   __l1, __f1>& __x);
        -:  620:
        -:  621:      /**
        -:  622:       * @brief Extracts the current state of a % mersenne_twister_engine
        -:  623:       *        random number generator engine @p __x from the input stream
        -:  624:       *        @p __is.
        -:  625:       *
        -:  626:       * @param __is An input stream.
        -:  627:       * @param __x  A % mersenne_twister_engine random number generator
        -:  628:       *             engine.
        -:  629:       *
        -:  630:       * @returns The input stream with the state of @p __x extracted or in
        -:  631:       * an error state.
        -:  632:       */
        -:  633:      template<typename _UIntType1,
        -:  634:	       size_t __w1, size_t __n1,
        -:  635:	       size_t __m1, size_t __r1,
        -:  636:	       _UIntType1 __a1, size_t __u1,
        -:  637:	       _UIntType1 __d1, size_t __s1,
        -:  638:	       _UIntType1 __b1, size_t __t1,
        -:  639:	       _UIntType1 __c1, size_t __l1, _UIntType1 __f1,
        -:  640:	       typename _CharT, typename _Traits>
        -:  641:	friend std::basic_istream<_CharT, _Traits>&
        -:  642:	operator>>(std::basic_istream<_CharT, _Traits>& __is,
        -:  643:		   std::mersenne_twister_engine<_UIntType1, __w1, __n1, __m1,
        -:  644:		   __r1, __a1, __u1, __d1, __s1, __b1, __t1, __c1,
        -:  645:		   __l1, __f1>& __x);
        -:  646:
        -:  647:    private:
        -:  648:      void _M_gen_rand();
        -:  649:
        -:  650:      _UIntType _M_x[state_size];
        -:  651:      size_t    _M_p;
        -:  652:    };
        -:  653:
        -:  654:  /**
        -:  655:   * @brief Compares two % mersenne_twister_engine random number generator
        -:  656:   *        objects of the same type for inequality.
        -:  657:   *
        -:  658:   * @param __lhs A % mersenne_twister_engine random number generator
        -:  659:   *              object.
        -:  660:   * @param __rhs Another % mersenne_twister_engine random number
        -:  661:   *              generator object.
        -:  662:   *
        -:  663:   * @returns true if the infinite sequences of generated values
        -:  664:   *          would be different, false otherwise.
        -:  665:   */
        -:  666:  template<typename _UIntType, size_t __w,
        -:  667:	   size_t __n, size_t __m, size_t __r,
        -:  668:	   _UIntType __a, size_t __u, _UIntType __d, size_t __s,
        -:  669:	   _UIntType __b, size_t __t,
        -:  670:	   _UIntType __c, size_t __l, _UIntType __f>
        -:  671:    inline bool
        -:  672:    operator!=(const std::mersenne_twister_engine<_UIntType, __w, __n, __m,
        -:  673:	       __r, __a, __u, __d, __s, __b, __t, __c, __l, __f>& __lhs,
        -:  674:	       const std::mersenne_twister_engine<_UIntType, __w, __n, __m,
        -:  675:	       __r, __a, __u, __d, __s, __b, __t, __c, __l, __f>& __rhs)
        -:  676:    { return !(__lhs == __rhs); }
        -:  677:
        -:  678:
        -:  679:  /**
        -:  680:   * @brief The Marsaglia-Zaman generator.
        -:  681:   *
        -:  682:   * This is a model of a Generalized Fibonacci discrete random number
        -:  683:   * generator, sometimes referred to as the SWC generator.
        -:  684:   *
        -:  685:   * A discrete random number generator that produces pseudorandom
        -:  686:   * numbers using:
        -:  687:   * @f[
        -:  688:   *     x_{i}\leftarrow(x_{i - s} - x_{i - r} - carry_{i-1}) \bmod m 
        -:  689:   * @f]
        -:  690:   *
        -:  691:   * The size of the state is @f$r@f$
        -:  692:   * and the maximum period of the generator is @f$(m^r - m^s - 1)@f$.
        -:  693:   */
        -:  694:  template<typename _UIntType, size_t __w, size_t __s, size_t __r>
        -:  695:    class subtract_with_carry_engine
        -:  696:    {
        -:  697:      static_assert(std::is_unsigned<_UIntType>::value,
        -:  698:		    "result_type must be an unsigned integral type");
        -:  699:      static_assert(0u < __s && __s < __r,
        -:  700:		    "0 < s < r");
        -:  701:      static_assert(0u < __w && __w <= std::numeric_limits<_UIntType>::digits,
        -:  702:		    "template argument substituting __w out of bounds");
        -:  703:
        -:  704:      template<typename _Sseq>
        -:  705:	using _If_seed_seq = typename enable_if<__detail::__is_seed_seq<
        -:  706:	  _Sseq, subtract_with_carry_engine, _UIntType>::value>::type;
        -:  707:
        -:  708:    public:
        -:  709:      /** The type of the generated random value. */
        -:  710:      typedef _UIntType result_type;
        -:  711:
        -:  712:      // parameter values
        -:  713:      static constexpr size_t      word_size    = __w;
        -:  714:      static constexpr size_t      short_lag    = __s;
        -:  715:      static constexpr size_t      long_lag     = __r;
        -:  716:      static constexpr result_type default_seed = 19780503u;
        -:  717:
        -:  718:      subtract_with_carry_engine() : subtract_with_carry_engine(default_seed)
        -:  719:      { }
        -:  720:
        -:  721:      /**
        -:  722:       * @brief Constructs an explicitly seeded %subtract_with_carry_engine
        -:  723:       *        random number generator.
        -:  724:       */
        -:  725:      explicit
        -:  726:      subtract_with_carry_engine(result_type __sd)
        -:  727:      { seed(__sd); }
        -:  728:
        -:  729:      /**
        -:  730:       * @brief Constructs a %subtract_with_carry_engine random number engine
        -:  731:       *        seeded from the seed sequence @p __q.
        -:  732:       *
        -:  733:       * @param __q the seed sequence.
        -:  734:       */
        -:  735:      template<typename _Sseq, typename = _If_seed_seq<_Sseq>>
        -:  736:        explicit
        -:  737:        subtract_with_carry_engine(_Sseq& __q)
        -:  738:        { seed(__q); }
        -:  739:
        -:  740:      /**
        -:  741:       * @brief Seeds the initial state @f$x_0@f$ of the random number
        -:  742:       *        generator.
        -:  743:       *
        -:  744:       * N1688[4.19] modifies this as follows.  If @p __value == 0,
        -:  745:       * sets value to 19780503.  In any case, with a linear
        -:  746:       * congruential generator lcg(i) having parameters @f$ m_{lcg} =
        -:  747:       * 2147483563, a_{lcg} = 40014, c_{lcg} = 0, and lcg(0) = value
        -:  748:       * @f$, sets @f$ x_{-r} \dots x_{-1} @f$ to @f$ lcg(1) \bmod m
        -:  749:       * \dots lcg(r) \bmod m @f$ respectively.  If @f$ x_{-1} = 0 @f$
        -:  750:       * set carry to 1, otherwise sets carry to 0.
        -:  751:       */
        -:  752:      void
        -:  753:      seed(result_type __sd = default_seed);
        -:  754:
        -:  755:      /**
        -:  756:       * @brief Seeds the initial state @f$x_0@f$ of the
        -:  757:       * % subtract_with_carry_engine random number generator.
        -:  758:       */
        -:  759:      template<typename _Sseq>
        -:  760:	_If_seed_seq<_Sseq>
        -:  761:        seed(_Sseq& __q);
        -:  762:
        -:  763:      /**
        -:  764:       * @brief Gets the inclusive minimum value of the range of random
        -:  765:       * integers returned by this generator.
        -:  766:       */
        -:  767:      static constexpr result_type
        -:  768:      min()
        -:  769:      { return 0; }
        -:  770:
        -:  771:      /**
        -:  772:       * @brief Gets the inclusive maximum value of the range of random
        -:  773:       * integers returned by this generator.
        -:  774:       */
        -:  775:      static constexpr result_type
        -:  776:      max()
        -:  777:      { return __detail::_Shift<_UIntType, __w>::__value - 1; }
        -:  778:
        -:  779:      /**
        -:  780:       * @brief Discard a sequence of random numbers.
        -:  781:       */
        -:  782:      void
        -:  783:      discard(unsigned long long __z)
        -:  784:      {
        -:  785:	for (; __z != 0ULL; --__z)
        -:  786:	  (*this)();
        -:  787:      }
        -:  788:
        -:  789:      /**
        -:  790:       * @brief Gets the next random number in the sequence.
        -:  791:       */
        -:  792:      result_type
        -:  793:      operator()();
        -:  794:
        -:  795:      /**
        -:  796:       * @brief Compares two % subtract_with_carry_engine random number
        -:  797:       *        generator objects of the same type for equality.
        -:  798:       *
        -:  799:       * @param __lhs A % subtract_with_carry_engine random number generator
        -:  800:       *              object.
        -:  801:       * @param __rhs Another % subtract_with_carry_engine random number
        -:  802:       *              generator object.
        -:  803:       *
        -:  804:       * @returns true if the infinite sequences of generated values
        -:  805:       *          would be equal, false otherwise.
        -:  806:      */
        -:  807:      friend bool
        -:  808:      operator==(const subtract_with_carry_engine& __lhs,
        -:  809:		 const subtract_with_carry_engine& __rhs)
        -:  810:      { return (std::equal(__lhs._M_x, __lhs._M_x + long_lag, __rhs._M_x)
        -:  811:		&& __lhs._M_carry == __rhs._M_carry
        -:  812:		&& __lhs._M_p == __rhs._M_p); }
        -:  813:
        -:  814:      /**
        -:  815:       * @brief Inserts the current state of a % subtract_with_carry_engine
        -:  816:       *        random number generator engine @p __x into the output stream
        -:  817:       *        @p __os.
        -:  818:       *
        -:  819:       * @param __os An output stream.
        -:  820:       * @param __x  A % subtract_with_carry_engine random number generator
        -:  821:       *             engine.
        -:  822:       *
        -:  823:       * @returns The output stream with the state of @p __x inserted or in
        -:  824:       * an error state.
        -:  825:       */
        -:  826:      template<typename _UIntType1, size_t __w1, size_t __s1, size_t __r1,
        -:  827:	       typename _CharT, typename _Traits>
        -:  828:	friend std::basic_ostream<_CharT, _Traits>&
        -:  829:	operator<<(std::basic_ostream<_CharT, _Traits>& __os,
        -:  830:		   const std::subtract_with_carry_engine<_UIntType1, __w1,
        -:  831:		   __s1, __r1>& __x);
        -:  832:
        -:  833:      /**
        -:  834:       * @brief Extracts the current state of a % subtract_with_carry_engine
        -:  835:       *        random number generator engine @p __x from the input stream
        -:  836:       *        @p __is.
        -:  837:       *
        -:  838:       * @param __is An input stream.
        -:  839:       * @param __x  A % subtract_with_carry_engine random number generator
        -:  840:       *             engine.
        -:  841:       *
        -:  842:       * @returns The input stream with the state of @p __x extracted or in
        -:  843:       * an error state.
        -:  844:       */
        -:  845:      template<typename _UIntType1, size_t __w1, size_t __s1, size_t __r1,
        -:  846:	       typename _CharT, typename _Traits>
        -:  847:	friend std::basic_istream<_CharT, _Traits>&
        -:  848:	operator>>(std::basic_istream<_CharT, _Traits>& __is,
        -:  849:		   std::subtract_with_carry_engine<_UIntType1, __w1,
        -:  850:		   __s1, __r1>& __x);
        -:  851:
        -:  852:    private:
        -:  853:      /// The state of the generator.  This is a ring buffer.
        -:  854:      _UIntType  _M_x[long_lag];
        -:  855:      _UIntType  _M_carry;		///< The carry
        -:  856:      size_t     _M_p;			///< Current index of x(i - r).
        -:  857:    };
        -:  858:
        -:  859:  /**
        -:  860:   * @brief Compares two % subtract_with_carry_engine random number
        -:  861:   *        generator objects of the same type for inequality.
        -:  862:   *
        -:  863:   * @param __lhs A % subtract_with_carry_engine random number generator
        -:  864:   *              object.
        -:  865:   * @param __rhs Another % subtract_with_carry_engine random number
        -:  866:   *              generator object.
        -:  867:   *
        -:  868:   * @returns true if the infinite sequences of generated values
        -:  869:   *          would be different, false otherwise.
        -:  870:   */
        -:  871:  template<typename _UIntType, size_t __w, size_t __s, size_t __r>
        -:  872:    inline bool
        -:  873:    operator!=(const std::subtract_with_carry_engine<_UIntType, __w,
        -:  874:	       __s, __r>& __lhs,
        -:  875:	       const std::subtract_with_carry_engine<_UIntType, __w,
        -:  876:	       __s, __r>& __rhs)
        -:  877:    { return !(__lhs == __rhs); }
        -:  878:
        -:  879:
        -:  880:  /**
        -:  881:   * Produces random numbers from some base engine by discarding blocks of
        -:  882:   * data.
        -:  883:   *
        -:  884:   * 0 <= @p __r <= @p __p
        -:  885:   */
        -:  886:  template<typename _RandomNumberEngine, size_t __p, size_t __r>
        -:  887:    class discard_block_engine
        -:  888:    {
        -:  889:      static_assert(1 <= __r && __r <= __p,
        -:  890:		    "template argument substituting __r out of bounds");
        -:  891:
        -:  892:    public:
        -:  893:      /** The type of the generated random value. */
        -:  894:      typedef typename _RandomNumberEngine::result_type result_type;
        -:  895:
        -:  896:      template<typename _Sseq>
        -:  897:	using _If_seed_seq = typename enable_if<__detail::__is_seed_seq<
        -:  898:	  _Sseq, discard_block_engine, result_type>::value>::type;
        -:  899:
        -:  900:      // parameter values
        -:  901:      static constexpr size_t block_size = __p;
        -:  902:      static constexpr size_t used_block = __r;
        -:  903:
        -:  904:      /**
        -:  905:       * @brief Constructs a default %discard_block_engine engine.
        -:  906:       *
        -:  907:       * The underlying engine is default constructed as well.
        -:  908:       */
        -:  909:      discard_block_engine()
        -:  910:      : _M_b(), _M_n(0) { }
        -:  911:
        -:  912:      /**
        -:  913:       * @brief Copy constructs a %discard_block_engine engine.
        -:  914:       *
        -:  915:       * Copies an existing base class random number generator.
        -:  916:       * @param __rng An existing (base class) engine object.
        -:  917:       */
        -:  918:      explicit
        -:  919:      discard_block_engine(const _RandomNumberEngine& __rng)
        -:  920:      : _M_b(__rng), _M_n(0) { }
        -:  921:
        -:  922:      /**
        -:  923:       * @brief Move constructs a %discard_block_engine engine.
        -:  924:       *
        -:  925:       * Copies an existing base class random number generator.
        -:  926:       * @param __rng An existing (base class) engine object.
        -:  927:       */
        -:  928:      explicit
        -:  929:      discard_block_engine(_RandomNumberEngine&& __rng)
        -:  930:      : _M_b(std::move(__rng)), _M_n(0) { }
        -:  931:
        -:  932:      /**
        -:  933:       * @brief Seed constructs a %discard_block_engine engine.
        -:  934:       *
        -:  935:       * Constructs the underlying generator engine seeded with @p __s.
        -:  936:       * @param __s A seed value for the base class engine.
        -:  937:       */
        -:  938:      explicit
        -:  939:      discard_block_engine(result_type __s)
        -:  940:      : _M_b(__s), _M_n(0) { }
        -:  941:
        -:  942:      /**
        -:  943:       * @brief Generator construct a %discard_block_engine engine.
        -:  944:       *
        -:  945:       * @param __q A seed sequence.
        -:  946:       */
        -:  947:      template<typename _Sseq, typename = _If_seed_seq<_Sseq>>
        -:  948:        explicit
        -:  949:        discard_block_engine(_Sseq& __q)
        -:  950:	: _M_b(__q), _M_n(0)
        -:  951:        { }
        -:  952:
        -:  953:      /**
        -:  954:       * @brief Reseeds the %discard_block_engine object with the default
        -:  955:       *        seed for the underlying base class generator engine.
        -:  956:       */
        -:  957:      void
        -:  958:      seed()
        -:  959:      {
        -:  960:	_M_b.seed();
        -:  961:	_M_n = 0;
        -:  962:      }
        -:  963:
        -:  964:      /**
        -:  965:       * @brief Reseeds the %discard_block_engine object with the default
        -:  966:       *        seed for the underlying base class generator engine.
        -:  967:       */
        -:  968:      void
        -:  969:      seed(result_type __s)
        -:  970:      {
        -:  971:	_M_b.seed(__s);
        -:  972:	_M_n = 0;
        -:  973:      }
        -:  974:
        -:  975:      /**
        -:  976:       * @brief Reseeds the %discard_block_engine object with the given seed
        -:  977:       *        sequence.
        -:  978:       * @param __q A seed generator function.
        -:  979:       */
        -:  980:      template<typename _Sseq>
        -:  981:        _If_seed_seq<_Sseq>
        -:  982:        seed(_Sseq& __q)
        -:  983:        {
        -:  984:	  _M_b.seed(__q);
        -:  985:	  _M_n = 0;
        -:  986:	}
        -:  987:
        -:  988:      /**
        -:  989:       * @brief Gets a const reference to the underlying generator engine
        -:  990:       *        object.
        -:  991:       */
        -:  992:      const _RandomNumberEngine&
        -:  993:      base() const noexcept
        -:  994:      { return _M_b; }
        -:  995:
        -:  996:      /**
        -:  997:       * @brief Gets the minimum value in the generated random number range.
        -:  998:       */
        -:  999:      static constexpr result_type
        -: 1000:      min()
        -: 1001:      { return _RandomNumberEngine::min(); }
        -: 1002:
        -: 1003:      /**
        -: 1004:       * @brief Gets the maximum value in the generated random number range.
        -: 1005:       */
        -: 1006:      static constexpr result_type
        -: 1007:      max()
        -: 1008:      { return _RandomNumberEngine::max(); }
        -: 1009:
        -: 1010:      /**
        -: 1011:       * @brief Discard a sequence of random numbers.
        -: 1012:       */
        -: 1013:      void
        -: 1014:      discard(unsigned long long __z)
        -: 1015:      {
        -: 1016:	for (; __z != 0ULL; --__z)
        -: 1017:	  (*this)();
        -: 1018:      }
        -: 1019:
        -: 1020:      /**
        -: 1021:       * @brief Gets the next value in the generated random number sequence.
        -: 1022:       */
        -: 1023:      result_type
        -: 1024:      operator()();
        -: 1025:
        -: 1026:      /**
        -: 1027:       * @brief Compares two %discard_block_engine random number generator
        -: 1028:       *        objects of the same type for equality.
        -: 1029:       *
        -: 1030:       * @param __lhs A %discard_block_engine random number generator object.
        -: 1031:       * @param __rhs Another %discard_block_engine random number generator
        -: 1032:       *              object.
        -: 1033:       *
        -: 1034:       * @returns true if the infinite sequences of generated values
        -: 1035:       *          would be equal, false otherwise.
        -: 1036:       */
        -: 1037:      friend bool
        -: 1038:      operator==(const discard_block_engine& __lhs,
        -: 1039:		 const discard_block_engine& __rhs)
        -: 1040:      { return __lhs._M_b == __rhs._M_b && __lhs._M_n == __rhs._M_n; }
        -: 1041:
        -: 1042:      /**
        -: 1043:       * @brief Inserts the current state of a %discard_block_engine random
        -: 1044:       *        number generator engine @p __x into the output stream
        -: 1045:       *        @p __os.
        -: 1046:       *
        -: 1047:       * @param __os An output stream.
        -: 1048:       * @param __x  A %discard_block_engine random number generator engine.
        -: 1049:       *
        -: 1050:       * @returns The output stream with the state of @p __x inserted or in
        -: 1051:       * an error state.
        -: 1052:       */
        -: 1053:      template<typename _RandomNumberEngine1, size_t __p1, size_t __r1,
        -: 1054:	       typename _CharT, typename _Traits>
        -: 1055:	friend std::basic_ostream<_CharT, _Traits>&
        -: 1056:	operator<<(std::basic_ostream<_CharT, _Traits>& __os,
        -: 1057:		   const std::discard_block_engine<_RandomNumberEngine1,
        -: 1058:		   __p1, __r1>& __x);
        -: 1059:
        -: 1060:      /**
        -: 1061:       * @brief Extracts the current state of a % subtract_with_carry_engine
        -: 1062:       *        random number generator engine @p __x from the input stream
        -: 1063:       *        @p __is.
        -: 1064:       *
        -: 1065:       * @param __is An input stream.
        -: 1066:       * @param __x  A %discard_block_engine random number generator engine.
        -: 1067:       *
        -: 1068:       * @returns The input stream with the state of @p __x extracted or in
        -: 1069:       * an error state.
        -: 1070:       */
        -: 1071:      template<typename _RandomNumberEngine1, size_t __p1, size_t __r1,
        -: 1072:	       typename _CharT, typename _Traits>
        -: 1073:	friend std::basic_istream<_CharT, _Traits>&
        -: 1074:	operator>>(std::basic_istream<_CharT, _Traits>& __is,
        -: 1075:		   std::discard_block_engine<_RandomNumberEngine1,
        -: 1076:		   __p1, __r1>& __x);
        -: 1077:
        -: 1078:    private:
        -: 1079:      _RandomNumberEngine _M_b;
        -: 1080:      size_t _M_n;
        -: 1081:    };
        -: 1082:
        -: 1083:  /**
        -: 1084:   * @brief Compares two %discard_block_engine random number generator
        -: 1085:   *        objects of the same type for inequality.
        -: 1086:   *
        -: 1087:   * @param __lhs A %discard_block_engine random number generator object.
        -: 1088:   * @param __rhs Another %discard_block_engine random number generator
        -: 1089:   *              object.
        -: 1090:   *
        -: 1091:   * @returns true if the infinite sequences of generated values
        -: 1092:   *          would be different, false otherwise.
        -: 1093:   */
        -: 1094:  template<typename _RandomNumberEngine, size_t __p, size_t __r>
        -: 1095:    inline bool
        -: 1096:    operator!=(const std::discard_block_engine<_RandomNumberEngine, __p,
        -: 1097:	       __r>& __lhs,
        -: 1098:	       const std::discard_block_engine<_RandomNumberEngine, __p,
        -: 1099:	       __r>& __rhs)
        -: 1100:    { return !(__lhs == __rhs); }
        -: 1101:
        -: 1102:
        -: 1103:  /**
        -: 1104:   * Produces random numbers by combining random numbers from some base
        -: 1105:   * engine to produce random numbers with a specified number of bits @p __w.
        -: 1106:   */
        -: 1107:  template<typename _RandomNumberEngine, size_t __w, typename _UIntType>
        -: 1108:    class independent_bits_engine
        -: 1109:    {
        -: 1110:      static_assert(std::is_unsigned<_UIntType>::value,
        -: 1111:		    "result_type must be an unsigned integral type");
        -: 1112:      static_assert(0u < __w && __w <= std::numeric_limits<_UIntType>::digits,
        -: 1113:		    "template argument substituting __w out of bounds");
        -: 1114:
        -: 1115:      template<typename _Sseq>
        -: 1116:	using _If_seed_seq = typename enable_if<__detail::__is_seed_seq<
        -: 1117:	  _Sseq, independent_bits_engine, _UIntType>::value>::type;
        -: 1118:
        -: 1119:    public:
        -: 1120:      /** The type of the generated random value. */
        -: 1121:      typedef _UIntType result_type;
        -: 1122:
        -: 1123:      /**
        -: 1124:       * @brief Constructs a default %independent_bits_engine engine.
        -: 1125:       *
        -: 1126:       * The underlying engine is default constructed as well.
        -: 1127:       */
        -: 1128:      independent_bits_engine()
        -: 1129:      : _M_b() { }
        -: 1130:
        -: 1131:      /**
        -: 1132:       * @brief Copy constructs a %independent_bits_engine engine.
        -: 1133:       *
        -: 1134:       * Copies an existing base class random number generator.
        -: 1135:       * @param __rng An existing (base class) engine object.
        -: 1136:       */
        -: 1137:      explicit
        -: 1138:      independent_bits_engine(const _RandomNumberEngine& __rng)
        -: 1139:      : _M_b(__rng) { }
        -: 1140:
        -: 1141:      /**
        -: 1142:       * @brief Move constructs a %independent_bits_engine engine.
        -: 1143:       *
        -: 1144:       * Copies an existing base class random number generator.
        -: 1145:       * @param __rng An existing (base class) engine object.
        -: 1146:       */
        -: 1147:      explicit
        -: 1148:      independent_bits_engine(_RandomNumberEngine&& __rng)
        -: 1149:      : _M_b(std::move(__rng)) { }
        -: 1150:
        -: 1151:      /**
        -: 1152:       * @brief Seed constructs a %independent_bits_engine engine.
        -: 1153:       *
        -: 1154:       * Constructs the underlying generator engine seeded with @p __s.
        -: 1155:       * @param __s A seed value for the base class engine.
        -: 1156:       */
        -: 1157:      explicit
        -: 1158:      independent_bits_engine(result_type __s)
        -: 1159:      : _M_b(__s) { }
        -: 1160:
        -: 1161:      /**
        -: 1162:       * @brief Generator construct a %independent_bits_engine engine.
        -: 1163:       *
        -: 1164:       * @param __q A seed sequence.
        -: 1165:       */
        -: 1166:      template<typename _Sseq, typename = _If_seed_seq<_Sseq>>
        -: 1167:        explicit
        -: 1168:        independent_bits_engine(_Sseq& __q)
        -: 1169:        : _M_b(__q)
        -: 1170:        { }
        -: 1171:
        -: 1172:      /**
        -: 1173:       * @brief Reseeds the %independent_bits_engine object with the default
        -: 1174:       *        seed for the underlying base class generator engine.
        -: 1175:       */
        -: 1176:      void
        -: 1177:      seed()
        -: 1178:      { _M_b.seed(); }
        -: 1179:
        -: 1180:      /**
        -: 1181:       * @brief Reseeds the %independent_bits_engine object with the default
        -: 1182:       *        seed for the underlying base class generator engine.
        -: 1183:       */
        -: 1184:      void
        -: 1185:      seed(result_type __s)
        -: 1186:      { _M_b.seed(__s); }
        -: 1187:
        -: 1188:      /**
        -: 1189:       * @brief Reseeds the %independent_bits_engine object with the given
        -: 1190:       *        seed sequence.
        -: 1191:       * @param __q A seed generator function.
        -: 1192:       */
        -: 1193:      template<typename _Sseq>
        -: 1194:        _If_seed_seq<_Sseq>
        -: 1195:        seed(_Sseq& __q)
        -: 1196:        { _M_b.seed(__q); }
        -: 1197:
        -: 1198:      /**
        -: 1199:       * @brief Gets a const reference to the underlying generator engine
        -: 1200:       *        object.
        -: 1201:       */
        -: 1202:      const _RandomNumberEngine&
        -: 1203:      base() const noexcept
        -: 1204:      { return _M_b; }
        -: 1205:
        -: 1206:      /**
        -: 1207:       * @brief Gets the minimum value in the generated random number range.
        -: 1208:       */
        -: 1209:      static constexpr result_type
        -: 1210:      min()
        -: 1211:      { return 0U; }
        -: 1212:
        -: 1213:      /**
        -: 1214:       * @brief Gets the maximum value in the generated random number range.
        -: 1215:       */
        -: 1216:      static constexpr result_type
        -: 1217:      max()
        -: 1218:      { return __detail::_Shift<_UIntType, __w>::__value - 1; }
        -: 1219:
        -: 1220:      /**
        -: 1221:       * @brief Discard a sequence of random numbers.
        -: 1222:       */
        -: 1223:      void
        -: 1224:      discard(unsigned long long __z)
        -: 1225:      {
        -: 1226:	for (; __z != 0ULL; --__z)
        -: 1227:	  (*this)();
        -: 1228:      }
        -: 1229:
        -: 1230:      /**
        -: 1231:       * @brief Gets the next value in the generated random number sequence.
        -: 1232:       */
        -: 1233:      result_type
        -: 1234:      operator()();
        -: 1235:
        -: 1236:      /**
        -: 1237:       * @brief Compares two %independent_bits_engine random number generator
        -: 1238:       * objects of the same type for equality.
        -: 1239:       *
        -: 1240:       * @param __lhs A %independent_bits_engine random number generator
        -: 1241:       *              object.
        -: 1242:       * @param __rhs Another %independent_bits_engine random number generator
        -: 1243:       *              object.
        -: 1244:       *
        -: 1245:       * @returns true if the infinite sequences of generated values
        -: 1246:       *          would be equal, false otherwise.
        -: 1247:       */
        -: 1248:      friend bool
        -: 1249:      operator==(const independent_bits_engine& __lhs,
        -: 1250:		 const independent_bits_engine& __rhs)
        -: 1251:      { return __lhs._M_b == __rhs._M_b; }
        -: 1252:
        -: 1253:      /**
        -: 1254:       * @brief Extracts the current state of a % subtract_with_carry_engine
        -: 1255:       *        random number generator engine @p __x from the input stream
        -: 1256:       *        @p __is.
        -: 1257:       *
        -: 1258:       * @param __is An input stream.
        -: 1259:       * @param __x  A %independent_bits_engine random number generator
        -: 1260:       *             engine.
        -: 1261:       *
        -: 1262:       * @returns The input stream with the state of @p __x extracted or in
        -: 1263:       *          an error state.
        -: 1264:       */
        -: 1265:      template<typename _CharT, typename _Traits>
        -: 1266:	friend std::basic_istream<_CharT, _Traits>&
        -: 1267:	operator>>(std::basic_istream<_CharT, _Traits>& __is,
        -: 1268:		   std::independent_bits_engine<_RandomNumberEngine,
        -: 1269:		   __w, _UIntType>& __x)
        -: 1270:	{
        -: 1271:	  __is >> __x._M_b;
        -: 1272:	  return __is;
        -: 1273:	}
        -: 1274:
        -: 1275:    private:
        -: 1276:      _RandomNumberEngine _M_b;
        -: 1277:    };
        -: 1278:
        -: 1279:  /**
        -: 1280:   * @brief Compares two %independent_bits_engine random number generator
        -: 1281:   * objects of the same type for inequality.
        -: 1282:   *
        -: 1283:   * @param __lhs A %independent_bits_engine random number generator
        -: 1284:   *              object.
        -: 1285:   * @param __rhs Another %independent_bits_engine random number generator
        -: 1286:   *              object.
        -: 1287:   *
        -: 1288:   * @returns true if the infinite sequences of generated values
        -: 1289:   *          would be different, false otherwise.
        -: 1290:   */
        -: 1291:  template<typename _RandomNumberEngine, size_t __w, typename _UIntType>
        -: 1292:    inline bool
        -: 1293:    operator!=(const std::independent_bits_engine<_RandomNumberEngine, __w,
        -: 1294:	       _UIntType>& __lhs,
        -: 1295:	       const std::independent_bits_engine<_RandomNumberEngine, __w,
        -: 1296:	       _UIntType>& __rhs)
        -: 1297:    { return !(__lhs == __rhs); }
        -: 1298:
        -: 1299:  /**
        -: 1300:   * @brief Inserts the current state of a %independent_bits_engine random
        -: 1301:   *        number generator engine @p __x into the output stream @p __os.
        -: 1302:   *
        -: 1303:   * @param __os An output stream.
        -: 1304:   * @param __x  A %independent_bits_engine random number generator engine.
        -: 1305:   *
        -: 1306:   * @returns The output stream with the state of @p __x inserted or in
        -: 1307:   *          an error state.
        -: 1308:   */
        -: 1309:  template<typename _RandomNumberEngine, size_t __w, typename _UIntType,
        -: 1310:	   typename _CharT, typename _Traits>
        -: 1311:    std::basic_ostream<_CharT, _Traits>&
        -: 1312:    operator<<(std::basic_ostream<_CharT, _Traits>& __os,
        -: 1313:	       const std::independent_bits_engine<_RandomNumberEngine,
        -: 1314:	       __w, _UIntType>& __x)
        -: 1315:    {
        -: 1316:      __os << __x.base();
        -: 1317:      return __os;
        -: 1318:    }
        -: 1319:
        -: 1320:
        -: 1321:  /**
        -: 1322:   * @brief Produces random numbers by reordering random numbers from some
        -: 1323:   * base engine.
        -: 1324:   *
        -: 1325:   * The values from the base engine are stored in a sequence of size @p __k
        -: 1326:   * and shuffled by an algorithm that depends on those values.
        -: 1327:   */
        -: 1328:  template<typename _RandomNumberEngine, size_t __k>
        -: 1329:    class shuffle_order_engine
        -: 1330:    {
        -: 1331:      static_assert(1u <= __k, "template argument substituting "
        -: 1332:		    "__k out of bound");
        -: 1333:
        -: 1334:    public:
        -: 1335:      /** The type of the generated random value. */
        -: 1336:      typedef typename _RandomNumberEngine::result_type result_type;
        -: 1337:
        -: 1338:      template<typename _Sseq>
        -: 1339:	using _If_seed_seq = typename enable_if<__detail::__is_seed_seq<
        -: 1340:	  _Sseq, shuffle_order_engine, result_type>::value>::type;
        -: 1341:
        -: 1342:      static constexpr size_t table_size = __k;
        -: 1343:
        -: 1344:      /**
        -: 1345:       * @brief Constructs a default %shuffle_order_engine engine.
        -: 1346:       *
        -: 1347:       * The underlying engine is default constructed as well.
        -: 1348:       */
        -: 1349:      shuffle_order_engine()
        -: 1350:      : _M_b()
        -: 1351:      { _M_initialize(); }
        -: 1352:
        -: 1353:      /**
        -: 1354:       * @brief Copy constructs a %shuffle_order_engine engine.
        -: 1355:       *
        -: 1356:       * Copies an existing base class random number generator.
        -: 1357:       * @param __rng An existing (base class) engine object.
        -: 1358:       */
        -: 1359:      explicit
        -: 1360:      shuffle_order_engine(const _RandomNumberEngine& __rng)
        -: 1361:      : _M_b(__rng)
        -: 1362:      { _M_initialize(); }
        -: 1363:
        -: 1364:      /**
        -: 1365:       * @brief Move constructs a %shuffle_order_engine engine.
        -: 1366:       *
        -: 1367:       * Copies an existing base class random number generator.
        -: 1368:       * @param __rng An existing (base class) engine object.
        -: 1369:       */
        -: 1370:      explicit
        -: 1371:      shuffle_order_engine(_RandomNumberEngine&& __rng)
        -: 1372:      : _M_b(std::move(__rng))
        -: 1373:      { _M_initialize(); }
        -: 1374:
        -: 1375:      /**
        -: 1376:       * @brief Seed constructs a %shuffle_order_engine engine.
        -: 1377:       *
        -: 1378:       * Constructs the underlying generator engine seeded with @p __s.
        -: 1379:       * @param __s A seed value for the base class engine.
        -: 1380:       */
        -: 1381:      explicit
        -: 1382:      shuffle_order_engine(result_type __s)
        -: 1383:      : _M_b(__s)
        -: 1384:      { _M_initialize(); }
        -: 1385:
        -: 1386:      /**
        -: 1387:       * @brief Generator construct a %shuffle_order_engine engine.
        -: 1388:       *
        -: 1389:       * @param __q A seed sequence.
        -: 1390:       */
        -: 1391:      template<typename _Sseq, typename = _If_seed_seq<_Sseq>>
        -: 1392:        explicit
        -: 1393:        shuffle_order_engine(_Sseq& __q)
        -: 1394:        : _M_b(__q)
        -: 1395:        { _M_initialize(); }
        -: 1396:
        -: 1397:      /**
        -: 1398:       * @brief Reseeds the %shuffle_order_engine object with the default seed
        -: 1399:                for the underlying base class generator engine.
        -: 1400:       */
        -: 1401:      void
        -: 1402:      seed()
        -: 1403:      {
        -: 1404:	_M_b.seed();
        -: 1405:	_M_initialize();
        -: 1406:      }
        -: 1407:
        -: 1408:      /**
        -: 1409:       * @brief Reseeds the %shuffle_order_engine object with the default seed
        -: 1410:       *        for the underlying base class generator engine.
        -: 1411:       */
        -: 1412:      void
        -: 1413:      seed(result_type __s)
        -: 1414:      {
        -: 1415:	_M_b.seed(__s);
        -: 1416:	_M_initialize();
        -: 1417:      }
        -: 1418:
        -: 1419:      /**
        -: 1420:       * @brief Reseeds the %shuffle_order_engine object with the given seed
        -: 1421:       *        sequence.
        -: 1422:       * @param __q A seed generator function.
        -: 1423:       */
        -: 1424:      template<typename _Sseq>
        -: 1425:        _If_seed_seq<_Sseq>
        -: 1426:        seed(_Sseq& __q)
        -: 1427:        {
        -: 1428:	  _M_b.seed(__q);
        -: 1429:	  _M_initialize();
        -: 1430:	}
        -: 1431:
        -: 1432:      /**
        -: 1433:       * Gets a const reference to the underlying generator engine object.
        -: 1434:       */
        -: 1435:      const _RandomNumberEngine&
        -: 1436:      base() const noexcept
        -: 1437:      { return _M_b; }
        -: 1438:
        -: 1439:      /**
        -: 1440:       * Gets the minimum value in the generated random number range.
        -: 1441:       */
        -: 1442:      static constexpr result_type
        -: 1443:      min()
        -: 1444:      { return _RandomNumberEngine::min(); }
        -: 1445:
        -: 1446:      /**
        -: 1447:       * Gets the maximum value in the generated random number range.
        -: 1448:       */
        -: 1449:      static constexpr result_type
        -: 1450:      max()
        -: 1451:      { return _RandomNumberEngine::max(); }
        -: 1452:
        -: 1453:      /**
        -: 1454:       * Discard a sequence of random numbers.
        -: 1455:       */
        -: 1456:      void
        -: 1457:      discard(unsigned long long __z)
        -: 1458:      {
        -: 1459:	for (; __z != 0ULL; --__z)
        -: 1460:	  (*this)();
        -: 1461:      }
        -: 1462:
        -: 1463:      /**
        -: 1464:       * Gets the next value in the generated random number sequence.
        -: 1465:       */
        -: 1466:      result_type
        -: 1467:      operator()();
        -: 1468:
        -: 1469:      /**
        -: 1470:       * Compares two %shuffle_order_engine random number generator objects
        -: 1471:       * of the same type for equality.
        -: 1472:       *
        -: 1473:       * @param __lhs A %shuffle_order_engine random number generator object.
        -: 1474:       * @param __rhs Another %shuffle_order_engine random number generator
        -: 1475:       *              object.
        -: 1476:       *
        -: 1477:       * @returns true if the infinite sequences of generated values
        -: 1478:       *          would be equal, false otherwise.
        -: 1479:      */
        -: 1480:      friend bool
        -: 1481:      operator==(const shuffle_order_engine& __lhs,
        -: 1482:		 const shuffle_order_engine& __rhs)
        -: 1483:      { return (__lhs._M_b == __rhs._M_b
        -: 1484:		&& std::equal(__lhs._M_v, __lhs._M_v + __k, __rhs._M_v)
        -: 1485:		&& __lhs._M_y == __rhs._M_y); }
        -: 1486:
        -: 1487:      /**
        -: 1488:       * @brief Inserts the current state of a %shuffle_order_engine random
        -: 1489:       *        number generator engine @p __x into the output stream
        -: 1490:	@p __os.
        -: 1491:       *
        -: 1492:       * @param __os An output stream.
        -: 1493:       * @param __x  A %shuffle_order_engine random number generator engine.
        -: 1494:       *
        -: 1495:       * @returns The output stream with the state of @p __x inserted or in
        -: 1496:       * an error state.
        -: 1497:       */
        -: 1498:      template<typename _RandomNumberEngine1, size_t __k1,
        -: 1499:	       typename _CharT, typename _Traits>
        -: 1500:	friend std::basic_ostream<_CharT, _Traits>&
        -: 1501:	operator<<(std::basic_ostream<_CharT, _Traits>& __os,
        -: 1502:		   const std::shuffle_order_engine<_RandomNumberEngine1,
        -: 1503:		   __k1>& __x);
        -: 1504:
        -: 1505:      /**
        -: 1506:       * @brief Extracts the current state of a % subtract_with_carry_engine
        -: 1507:       *        random number generator engine @p __x from the input stream
        -: 1508:       *        @p __is.
        -: 1509:       *
        -: 1510:       * @param __is An input stream.
        -: 1511:       * @param __x  A %shuffle_order_engine random number generator engine.
        -: 1512:       *
        -: 1513:       * @returns The input stream with the state of @p __x extracted or in
        -: 1514:       * an error state.
        -: 1515:       */
        -: 1516:      template<typename _RandomNumberEngine1, size_t __k1,
        -: 1517:	       typename _CharT, typename _Traits>
        -: 1518:	friend std::basic_istream<_CharT, _Traits>&
        -: 1519:	operator>>(std::basic_istream<_CharT, _Traits>& __is,
        -: 1520:		   std::shuffle_order_engine<_RandomNumberEngine1, __k1>& __x);
        -: 1521:
        -: 1522:    private:
        -: 1523:      void _M_initialize()
        -: 1524:      {
        -: 1525:	for (size_t __i = 0; __i < __k; ++__i)
        -: 1526:	  _M_v[__i] = _M_b();
        -: 1527:	_M_y = _M_b();
        -: 1528:      }
        -: 1529:
        -: 1530:      _RandomNumberEngine _M_b;
        -: 1531:      result_type _M_v[__k];
        -: 1532:      result_type _M_y;
        -: 1533:    };
        -: 1534:
        -: 1535:  /**
        -: 1536:   * Compares two %shuffle_order_engine random number generator objects
        -: 1537:   * of the same type for inequality.
        -: 1538:   *
        -: 1539:   * @param __lhs A %shuffle_order_engine random number generator object.
        -: 1540:   * @param __rhs Another %shuffle_order_engine random number generator
        -: 1541:   *              object.
        -: 1542:   *
        -: 1543:   * @returns true if the infinite sequences of generated values
        -: 1544:   *          would be different, false otherwise.
        -: 1545:   */
        -: 1546:  template<typename _RandomNumberEngine, size_t __k>
        -: 1547:    inline bool
        -: 1548:    operator!=(const std::shuffle_order_engine<_RandomNumberEngine,
        -: 1549:	       __k>& __lhs,
        -: 1550:	       const std::shuffle_order_engine<_RandomNumberEngine,
        -: 1551:	       __k>& __rhs)
        -: 1552:    { return !(__lhs == __rhs); }
        -: 1553:
        -: 1554:
        -: 1555:  /**
        -: 1556:   * The classic Minimum Standard rand0 of Lewis, Goodman, and Miller.
        -: 1557:   */
        -: 1558:  typedef linear_congruential_engine<uint_fast32_t, 16807UL, 0UL, 2147483647UL>
        -: 1559:  minstd_rand0;
        -: 1560:
        -: 1561:  /**
        -: 1562:   * An alternative LCR (Lehmer Generator function).
        -: 1563:   */
        -: 1564:  typedef linear_congruential_engine<uint_fast32_t, 48271UL, 0UL, 2147483647UL>
        -: 1565:  minstd_rand;
        -: 1566:
        -: 1567:  /**
        -: 1568:   * The classic Mersenne Twister.
        -: 1569:   *
        -: 1570:   * Reference:
        -: 1571:   * M. Matsumoto and T. Nishimura, Mersenne Twister: A 623-Dimensionally
        -: 1572:   * Equidistributed Uniform Pseudo-Random Number Generator, ACM Transactions
        -: 1573:   * on Modeling and Computer Simulation, Vol. 8, No. 1, January 1998, pp 3-30.
        -: 1574:   */
        -: 1575:  typedef mersenne_twister_engine<
[...]
        -: 5665:       */
        -: 5666:      result_type
        -: 5667:      min() const
        -: 5668:      {
        -: 5669:	return _M_param._M_int.empty()
        -: 5670:	  ? result_type(0) : _M_param._M_int.front();
        -: 5671:      }
        -: 5672:
        -: 5673:      /**
        -: 5674:       * @brief Returns the least upper bound value of the distribution.
        -: 5675:       */
        -: 5676:      result_type
        -: 5677:      max() const
        -: 5678:      {
        -: 5679:	return _M_param._M_int.empty()
        -: 5680:	  ? result_type(1) : _M_param._M_int.back();
        -: 5681:      }
        -: 5682:
        -: 5683:      /**
        -: 5684:       * @brief Generating functions.
        -: 5685:       */
        -: 5686:      template<typename _UniformRandomNumberGenerator>
        -: 5687:	result_type
        -: 5688:	operator()(_UniformRandomNumberGenerator& __urng)
        -: 5689:	{ return this->operator()(__urng, _M_param); }
        -: 5690:
        -: 5691:      template<typename _UniformRandomNumberGenerator>
        -: 5692:	result_type
        -: 5693:	operator()(_UniformRandomNumberGenerator& __urng,
        -: 5694:		   const param_type& __p);
        -: 5695:
        -: 5696:      template<typename _ForwardIterator,
        -: 5697:	       typename _UniformRandomNumberGenerator>
        -: 5698:	void
        -: 5699:	__generate(_ForwardIterator __f, _ForwardIterator __t,
        -: 5700:		   _UniformRandomNumberGenerator& __urng)
        -: 5701:	{ this->__generate(__f, __t, __urng, _M_param); }
        -: 5702:
        -: 5703:      template<typename _ForwardIterator,
        -: 5704:	       typename _UniformRandomNumberGenerator>
        -: 5705:	void
        -: 5706:	__generate(_ForwardIterator __f, _ForwardIterator __t,
        -: 5707:		   _UniformRandomNumberGenerator& __urng,
        -: 5708:		   const param_type& __p)
        -: 5709:	{ this->__generate_impl(__f, __t, __urng, __p); }
        -: 5710:
        -: 5711:      template<typename _UniformRandomNumberGenerator>
        -: 5712:	void
        -: 5713:	__generate(result_type* __f, result_type* __t,
        -: 5714:		   _UniformRandomNumberGenerator& __urng,
        -: 5715:		   const param_type& __p)
        -: 5716:	{ this->__generate_impl(__f, __t, __urng, __p); }
        -: 5717:
        -: 5718:      /**
        -: 5719:       * @brief Return true if two piecewise constant distributions have the
        -: 5720:       *        same parameters.
        -: 5721:       */
        -: 5722:      friend bool
        -: 5723:      operator==(const piecewise_constant_distribution& __d1,
        -: 5724:		 const piecewise_constant_distribution& __d2)
        -: 5725:      { return __d1._M_param == __d2._M_param; }
        -: 5726:
        -: 5727:      /**
        -: 5728:       * @brief Inserts a %piecewise_constant_distribution random
        -: 5729:       *        number distribution @p __x into the output stream @p __os.
        -: 5730:       *
        -: 5731:       * @param __os An output stream.
        -: 5732:       * @param __x  A %piecewise_constant_distribution random number
        -: 5733:       *             distribution.
        -: 5734:       *
        -: 5735:       * @returns The output stream with the state of @p __x inserted or in
        -: 5736:       * an error state.
        -: 5737:       */
        -: 5738:      template<typename _RealType1, typename _CharT, typename _Traits>
        -: 5739:	friend std::basic_ostream<_CharT, _Traits>&
        -: 5740:	operator<<(std::basic_ostream<_CharT, _Traits>& __os,
        -: 5741:		   const std::piecewise_constant_distribution<_RealType1>& __x);
        -: 5742:
        -: 5743:      /**
        -: 5744:       * @brief Extracts a %piecewise_constant_distribution random
        -: 5745:       *        number distribution @p __x from the input stream @p __is.
        -: 5746:       *
        -: 5747:       * @param __is An input stream.
        -: 5748:       * @param __x A %piecewise_constant_distribution random number
        -: 5749:       *            generator engine.
        -: 5750:       *
        -: 5751:       * @returns The input stream with @p __x extracted or in an error
        -: 5752:       *          state.
        -: 5753:       */
        -: 5754:      template<typename _RealType1, typename _CharT, typename _Traits>
        -: 5755:	friend std::basic_istream<_CharT, _Traits>&
        -: 5756:	operator>>(std::basic_istream<_CharT, _Traits>& __is,
        -: 5757:		   std::piecewise_constant_distribution<_RealType1>& __x);
        -: 5758:
        -: 5759:    private:
        -: 5760:      template<typename _ForwardIterator,
        -: 5761:	       typename _UniformRandomNumberGenerator>
        -: 5762:	void
        -: 5763:	__generate_impl(_ForwardIterator __f, _ForwardIterator __t,
        -: 5764:			_UniformRandomNumberGenerator& __urng,
        -: 5765:			const param_type& __p);
        -: 5766:
        -: 5767:      param_type _M_param;
        -: 5768:    };
        -: 5769:
        -: 5770:  /**
        -: 5771:    * @brief Return true if two piecewise constant distributions have 
        -: 5772:    *        different parameters.
        -: 5773:   */
        -: 5774:  template<typename _RealType>
        -: 5775:    inline bool
        -: 5776:    operator!=(const std::piecewise_constant_distribution<_RealType>& __d1,
        -: 5777:	       const std::piecewise_constant_distribution<_RealType>& __d2)
        -: 5778:    { return !(__d1 == __d2); }
        -: 5779:
        -: 5780:
        -: 5781:  /**
        -: 5782:   * @brief A piecewise_linear_distribution random number distribution.
        -: 5783:   *
        -: 5784:   * The formula for the piecewise linear probability mass function is
        -: 5785:   *
        -: 5786:   */
        -: 5787:  template<typename _RealType = double>
        -: 5788:    class piecewise_linear_distribution
        -: 5789:    {
        -: 5790:      static_assert(std::is_floating_point<_RealType>::value,
        -: 5791:		    "result_type must be a floating point type");
        -: 5792:
        -: 5793:    public:
        -: 5794:      /** The type of the range of the distribution. */
        -: 5795:      typedef _RealType result_type;
        -: 5796:
        -: 5797:      /** Parameter type. */
        -: 5798:      struct param_type
        -: 5799:      {
        -: 5800:	typedef piecewise_linear_distribution<_RealType> distribution_type;
        -: 5801:	friend class piecewise_linear_distribution<_RealType>;
        -: 5802:
        -: 5803:	param_type()
        -: 5804:	: _M_int(), _M_den(), _M_cp(), _M_m()
        -: 5805:	{ }
        -: 5806:
        -: 5807:	template<typename _InputIteratorB, typename _InputIteratorW>
        -: 5808:	  param_type(_InputIteratorB __bfirst,
        -: 5809:		     _InputIteratorB __bend,
        -: 5810:		     _InputIteratorW __wbegin);
        -: 5811:
        -: 5812:	template<typename _Func>
        -: 5813:	  param_type(initializer_list<_RealType> __bl, _Func __fw);
        -: 5814:
        -: 5815:	template<typename _Func>
        -: 5816:	  param_type(size_t __nw, _RealType __xmin, _RealType __xmax,
        -: 5817:		     _Func __fw);
        -: 5818:
        -: 5819:	// See: http://cpp-next.com/archive/2010/10/implicit-move-must-go/
        -: 5820:	param_type(const param_type&) = default;
        -: 5821:	param_type& operator=(const param_type&) = default;
        -: 5822:
        -: 5823:	std::vector<_RealType>
        -: 5824:	intervals() const
        -: 5825:	{
        -: 5826:	  if (_M_int.empty())
        -: 5827:	    {
        -: 5828:	      std::vector<_RealType> __tmp(2);
        -: 5829:	      __tmp[1] = _RealType(1);
        -: 5830:	      return __tmp;
        -: 5831:	    }
        -: 5832:	  else
        -: 5833:	    return _M_int;
        -: 5834:	}
        -: 5835:
        -: 5836:	std::vector<double>
        -: 5837:	densities() const
        -: 5838:	{ return _M_den.empty() ? std::vector<double>(2, 1.0) : _M_den; }
        -: 5839:
        -: 5840:	friend bool
        -: 5841:	operator==(const param_type& __p1, const param_type& __p2)
        -: 5842:	{ return __p1._M_int == __p2._M_int && __p1._M_den == __p2._M_den; }
        -: 5843:
        -: 5844:	friend bool
        -: 5845:	operator!=(const param_type& __p1, const param_type& __p2)
        -: 5846:	{ return !(__p1 == __p2); }
        -: 5847:
        -: 5848:      private:
        -: 5849:	void
        -: 5850:	_M_initialize();
        -: 5851:
        -: 5852:	std::vector<_RealType> _M_int;
        -: 5853:	std::vector<double> _M_den;
        -: 5854:	std::vector<double> _M_cp;
        -: 5855:	std::vector<double> _M_m;
        -: 5856:      };
        -: 5857:
        -: 5858:      piecewise_linear_distribution()
        -: 5859:      : _M_param()
        -: 5860:      { }
        -: 5861:
        -: 5862:      template<typename _InputIteratorB, typename _InputIteratorW>
        -: 5863:	piecewise_linear_distribution(_InputIteratorB __bfirst,
        -: 5864:				      _InputIteratorB __bend,
        -: 5865:				      _InputIteratorW __wbegin)
        -: 5866:	: _M_param(__bfirst, __bend, __wbegin)
        -: 5867:	{ }
        -: 5868:
        -: 5869:      template<typename _Func>
        -: 5870:	piecewise_linear_distribution(initializer_list<_RealType> __bl,
        -: 5871:				      _Func __fw)
        -: 5872:	: _M_param(__bl, __fw)
        -: 5873:	{ }
        -: 5874:
        -: 5875:      template<typename _Func>
        -: 5876:	piecewise_linear_distribution(size_t __nw,
        -: 5877:				      _RealType __xmin, _RealType __xmax,
        -: 5878:				      _Func __fw)
        -: 5879:	: _M_param(__nw, __xmin, __xmax, __fw)
        -: 5880:	{ }
        -: 5881:
        -: 5882:      explicit
        -: 5883:      piecewise_linear_distribution(const param_type& __p)
        -: 5884:      : _M_param(__p)
        -: 5885:      { }
        -: 5886:
        -: 5887:      /**
        -: 5888:       * Resets the distribution state.
        -: 5889:       */
        -: 5890:      void
        -: 5891:      reset()
        -: 5892:      { }
        -: 5893:
        -: 5894:      /**
        -: 5895:       * @brief Return the intervals of the distribution.
        -: 5896:       */
        -: 5897:      std::vector<_RealType>
        -: 5898:      intervals() const
        -: 5899:      {
        -: 5900:	if (_M_param._M_int.empty())
        -: 5901:	  {
        -: 5902:	    std::vector<_RealType> __tmp(2);
        -: 5903:	    __tmp[1] = _RealType(1);
        -: 5904:	    return __tmp;
        -: 5905:	  }
        -: 5906:	else
        -: 5907:	  return _M_param._M_int;
        -: 5908:      }
        -: 5909:
        -: 5910:      /**
        -: 5911:       * @brief Return a vector of the probability densities of the
        -: 5912:       *        distribution.
        -: 5913:       */
        -: 5914:      std::vector<double>
        -: 5915:      densities() const
        -: 5916:      {
        -: 5917:	return _M_param._M_den.empty()
        -: 5918:	  ? std::vector<double>(2, 1.0) : _M_param._M_den;
        -: 5919:      }
        -: 5920:
        -: 5921:      /**
        -: 5922:       * @brief Returns the parameter set of the distribution.
        -: 5923:       */
        -: 5924:      param_type
        -: 5925:      param() const
        -: 5926:      { return _M_param; }
        -: 5927:
        -: 5928:      /**
        -: 5929:       * @brief Sets the parameter set of the distribution.
        -: 5930:       * @param __param The new parameter set of the distribution.
        -: 5931:       */
        -: 5932:      void
        -: 5933:      param(const param_type& __param)
        -: 5934:      { _M_param = __param; }
        -: 5935:
        -: 5936:      /**
        -: 5937:       * @brief Returns the greatest lower bound value of the distribution.
        -: 5938:       */
        -: 5939:      result_type
        -: 5940:      min() const
        -: 5941:      {
        -: 5942:	return _M_param._M_int.empty()
        -: 5943:	  ? result_type(0) : _M_param._M_int.front();
        -: 5944:      }
        -: 5945:
        -: 5946:      /**
        -: 5947:       * @brief Returns the least upper bound value of the distribution.
        -: 5948:       */
        -: 5949:      result_type
        -: 5950:      max() const
        -: 5951:      {
        -: 5952:	return _M_param._M_int.empty()
        -: 5953:	  ? result_type(1) : _M_param._M_int.back();
        -: 5954:      }
        -: 5955:
        -: 5956:      /**
        -: 5957:       * @brief Generating functions.
        -: 5958:       */
        -: 5959:      template<typename _UniformRandomNumberGenerator>
        -: 5960:	result_type
        -: 5961:	operator()(_UniformRandomNumberGenerator& __urng)
        -: 5962:	{ return this->operator()(__urng, _M_param); }
        -: 5963:
        -: 5964:      template<typename _UniformRandomNumberGenerator>
        -: 5965:	result_type
        -: 5966:	operator()(_UniformRandomNumberGenerator& __urng,
        -: 5967:		   const param_type& __p);
        -: 5968:
        -: 5969:      template<typename _ForwardIterator,
        -: 5970:	       typename _UniformRandomNumberGenerator>
        -: 5971:	void
        -: 5972:	__generate(_ForwardIterator __f, _ForwardIterator __t,
        -: 5973:		   _UniformRandomNumberGenerator& __urng)
        -: 5974:	{ this->__generate(__f, __t, __urng, _M_param); }
        -: 5975:
        -: 5976:      template<typename _ForwardIterator,
        -: 5977:	       typename _UniformRandomNumberGenerator>
        -: 5978:	void
        -: 5979:	__generate(_ForwardIterator __f, _ForwardIterator __t,
        -: 5980:		   _UniformRandomNumberGenerator& __urng,
        -: 5981:		   const param_type& __p)
        -: 5982:	{ this->__generate_impl(__f, __t, __urng, __p); }
        -: 5983:
        -: 5984:      template<typename _UniformRandomNumberGenerator>
        -: 5985:	void
        -: 5986:	__generate(result_type* __f, result_type* __t,
        -: 5987:		   _UniformRandomNumberGenerator& __urng,
        -: 5988:		   const param_type& __p)
        -: 5989:	{ this->__generate_impl(__f, __t, __urng, __p); }
        -: 5990:
        -: 5991:      /**
        -: 5992:       * @brief Return true if two piecewise linear distributions have the
        -: 5993:       *        same parameters.
        -: 5994:       */
        -: 5995:      friend bool
        -: 5996:      operator==(const piecewise_linear_distribution& __d1,
        -: 5997:		 const piecewise_linear_distribution& __d2)
        -: 5998:      { return __d1._M_param == __d2._M_param; }
        -: 5999:
        -: 6000:      /**
        -: 6001:       * @brief Inserts a %piecewise_linear_distribution random number
        -: 6002:       *        distribution @p __x into the output stream @p __os.
        -: 6003:       *
        -: 6004:       * @param __os An output stream.
        -: 6005:       * @param __x  A %piecewise_linear_distribution random number
        -: 6006:       *             distribution.
        -: 6007:       *
        -: 6008:       * @returns The output stream with the state of @p __x inserted or in
        -: 6009:       *          an error state.
        -: 6010:       */
        -: 6011:      template<typename _RealType1, typename _CharT, typename _Traits>
        -: 6012:	friend std::basic_ostream<_CharT, _Traits>&
        -: 6013:	operator<<(std::basic_ostream<_CharT, _Traits>& __os,
        -: 6014:		   const std::piecewise_linear_distribution<_RealType1>& __x);
        -: 6015:
        -: 6016:      /**
        -: 6017:       * @brief Extracts a %piecewise_linear_distribution random number
        -: 6018:       *        distribution @p __x from the input stream @p __is.
        -: 6019:       *
        -: 6020:       * @param __is An input stream.
        -: 6021:       * @param __x  A %piecewise_linear_distribution random number
        -: 6022:       *             generator engine.
        -: 6023:       *
        -: 6024:       * @returns The input stream with @p __x extracted or in an error
        -: 6025:       *          state.
        -: 6026:       */
        -: 6027:      template<typename _RealType1, typename _CharT, typename _Traits>
        -: 6028:	friend std::basic_istream<_CharT, _Traits>&
        -: 6029:	operator>>(std::basic_istream<_CharT, _Traits>& __is,
        -: 6030:		   std::piecewise_linear_distribution<_RealType1>& __x);
        -: 6031:
        -: 6032:    private:
        -: 6033:      template<typename _ForwardIterator,
        -: 6034:	       typename _UniformRandomNumberGenerator>
        -: 6035:	void
        -: 6036:	__generate_impl(_ForwardIterator __f, _ForwardIterator __t,
        -: 6037:			_UniformRandomNumberGenerator& __urng,
        -: 6038:			const param_type& __p);
        -: 6039:
        -: 6040:      param_type _M_param;
        -: 6041:    };
        -: 6042:
        -: 6043:  /**
        -: 6044:    * @brief Return true if two piecewise linear distributions have
        -: 6045:    *        different parameters.
        -: 6046:   */
        -: 6047:  template<typename _RealType>
        -: 6048:    inline bool
        -: 6049:    operator!=(const std::piecewise_linear_distribution<_RealType>& __d1,
        -: 6050:	       const std::piecewise_linear_distribution<_RealType>& __d2)
        -: 6051:    { return !(__d1 == __d2); }
        -: 6052:
        -: 6053:
        -: 6054:  /// @} group random_distributions_poisson
        -: 6055:
        -: 6056:  /// @} *group random_distributions
        -: 6057:
        -: 6058:  /**
        -: 6059:   * @addtogroup random_utilities Random Number Utilities
        -: 6060:   * @ingroup random
        -: 6061:   * @{
        -: 6062:   */
        -: 6063:
        -: 6064:  /**
        -: 6065:   * @brief The seed_seq class generates sequences of seeds for random
        -: 6066:   *        number generators.
        -: 6067:   */
        -: 6068:  class seed_seq
        -: 6069:  {
        -: 6070:  public:
        -: 6071:    /** The type of the seed vales. */
        -: 6072:    typedef uint_least32_t result_type;
        -: 6073:
        -: 6074:    /** Default constructor. */
        -: 6075:    seed_seq() noexcept
        -: 6076:    : _M_v()
        -: 6077:    { }
        -: 6078:
        -: 6079:    template<typename _IntType, typename = _Require<is_integral<_IntType>>>
        -: 6080:      seed_seq(std::initializer_list<_IntType> __il);
        -: 6081:
        -: 6082:    template<typename _InputIterator>
        -: 6083:      seed_seq(_InputIterator __begin, _InputIterator __end);
        -: 6084:
        -: 6085:    // generating functions
        -: 6086:    template<typename _RandomAccessIterator>
        -: 6087:      void
        -: 6088:      generate(_RandomAccessIterator __begin, _RandomAccessIterator __end);
        -: 6089:
        -: 6090:    // property functions
        -: 6091:    size_t size() const noexcept
        -: 6092:    { return _M_v.size(); }
        -: 6093:
        -: 6094:    template<typename _OutputIterator>
        -: 6095:      void
        -: 6096:      param(_OutputIterator __dest) const
        -: 6097:      { std::copy(_M_v.begin(), _M_v.end(), __dest); }
        -: 6098:
        -: 6099:    // no copy functions
        -: 6100:    seed_seq(const seed_seq&) = delete;
        -: 6101:    seed_seq& operator=(const seed_seq&) = delete;
        -: 6102:
        -: 6103:  private:
        -: 6104:    std::vector<result_type> _M_v;
        -: 6105:  };
        -: 6106:
        -: 6107:  /// @} group random_utilities
        -: 6108:
        -: 6109:  /// @} group random
        -: 6110:
        -: 6111:_GLIBCXX_END_NAMESPACE_VERSION
        -: 6112:} // namespace std
        -: 6113:
        -: 6114:#endif
