        -:    0:Source:/home/culbec/OOP/Project-2-OOP-Cars/Sources/Spalatorie.cpp
        -:    0:Graph:/home/culbec/OOP/Project-2-OOP-Cars/cmake-build-debug-coverage/CMakeFiles/Project_2_OOP_Cars.dir/Sources/Spalatorie.cpp.gcno
        -:    0:Data:/home/culbec/OOP/Project-2-OOP-Cars/cmake-build-debug-coverage/CMakeFiles/Project_2_OOP_Cars.dir/Sources/Spalatorie.cpp.gcda
        -:    0:Runs:1
        -:    1:#include "../Headers/Spalatorie.h"
        -:    2:
function _ZNK11WashingList8washSizeEv called 6 returned 100% blocks executed 100%
        6:    3:size_t WashingList::washSize() const {
        6:    4:    return this->toWash.size();
        6:    4-block  0
call    0 returned 6
        -:    5:}
        -:    6:
function _ZN11WashingList9addToWashERK3Car called 6 returned 100% blocks executed 100%
        6:    7:void WashingList::addToWash(const Car &carToAdd) {
        6:    8:    this->toWash.push_back(carToAdd);
        6:    8-block  0
call    0 returned 6
        6:    9:}
        -:   10:
function _ZN11WashingList9clearWashEv called 3 returned 100% blocks executed 100%
        3:   11:void WashingList::clearWash() {
        3:   12:    this->toWash.clear();
        3:   12-block  0
call    0 returned 3
        3:   13:}
        -:   14:
function _ZN11WashingList14generateRandomEjRSt6vectorI3CarSaIS1_EE called 2 returned 100% blocks executed 89%
        2:   15:vector<Car> WashingList::generateRandom(unsigned int numberToGenerate, vector<Car> &cars) {
        2:   16:    vector<Car> randomList;
        2:   16-block  0
call    0 returned 2
        2:   17:    randomList.reserve(numberToGenerate);
call    0 returned 2
branch  1 taken 2 (fallthrough)
branch  2 taken 0 (throw)
        -:   18:
        2:   19:    auto seed = std::chrono::system_clock::now().time_since_epoch().count();
        2:   19-block  0
call    0 returned 2
call    1 returned 2
call    2 returned 2
        2:   20:    std::shuffle(cars.begin(), cars.end(), std::default_random_engine(seed));
call    0 returned 2
branch  1 taken 2 (fallthrough)
branch  2 taken 0 (throw)
        2:   20-block  0
call    3 returned 2
call    4 returned 2
call    5 returned 2
branch  6 taken 2 (fallthrough)
branch  7 taken 0 (throw)
    $$$$$:   20-block  1
        -:   21:
        6:   22:    for(auto i = 0; i < numberToGenerate; i++)
        2:   22-block  0
        4:   22-block  1
        6:   22-block  2
branch  0 taken 4
branch  1 taken 2 (fallthrough)
        4:   23:        randomList.push_back(cars.at(i));
        4:   23-block  0
call    0 returned 4
branch  1 taken 4 (fallthrough)
branch  2 taken 0 (throw)
        4:   23-block  1
call    3 returned 4
branch  4 taken 4 (fallthrough)
branch  5 taken 0 (throw)
        -:   24:
        2:   25:    return randomList; }
        2:   25-block  0
        2:   25-block  1
    $$$$$:   25-block  2
call    0 never executed
