        -:    0:Source:/home/culbec/OOP/Project-2-OOP-Cars/Headers/Spalatorie.h
        -:    0:Graph:/home/culbec/OOP/Project-2-OOP-Cars/cmake-build-debug-coverage/CMakeFiles/Project_2_OOP_Cars.dir/Sources/tests.cpp.gcno
        -:    0:Data:/home/culbec/OOP/Project-2-OOP-Cars/cmake-build-debug-coverage/CMakeFiles/Project_2_OOP_Cars.dir/Sources/tests.cpp.gcda
        -:    0:Runs:1
        -:    1:#pragma once
        -:    2:
        -:    3:#include "Car.h"
        -:    4:#include <vector>
        -:    5:#include <algorithm>
        -:    6:#include <random>
        -:    7:#include <chrono>
        -:    8:
        -:    9:using std::vector;
        -:   10:
        -:   11:class WashingList {
        -:   12:private:
        -:   13:    // lista de masini ce trebuie spalate
        -:   14:    vector<Car> toWash;
        -:   15:public:
        -:   16:    // constructor implicit
function _ZN11WashingListC2Ev called 6 returned 100% blocks executed 100%
        6:   17:    WashingList() noexcept = default;
        6:   17-block  0
call    0 returned 6
        -:   18:
        -:   19:    vector<Car> washCars() const;
        -:   20:
        -:   21:    /**
        -:   22:     * @brief Lungimea listei masinilor de spalat
        -:   23:     * @pre true
        -:   24:     * @post true
        -:   25:     * @return lungimea listei masinilor de spalat
        -:   26:     */
        -:   27:    size_t washSize() const;
        -:   28:
        -:   29:    /**
        -:   30:     * @brief Adaugare masina in lista de spalare
        -:   31:     * @pre true
        -:   32:     * @post Se adauga o masina in lista de spalare
        -:   33:     */
        -:   34:     void addToWash(const Car&);
        -:   35:
        -:   36:    /**
        -:   37:     * @brief Goleste lista de masini
        -:   38:     * @pre Exista masini in lista
        -:   39:     * @post Lista de masini se goleste
        -:   40:     */
        -:   41:     void clearWash();
        -:   42:
        -:   43:     /**
        -:   44:      * @brief Generate a random list
        -:   45:      * @pre   Exista masini in lista ; numberToGenerate = [0, size(totalCars)]
        -:   46:      * @post  Se genereaza o lista random cu masini de spalat
        -:   47:      */
        -:   48:    static vector<Car> generateRandom(unsigned int, vector<Car>&);
        -:   49:};
